2024-06-06T19:08:39.524+05:00  INFO 121814 --- [main] l.todolistweb.TodolistWebApplication     : Starting TodolistWebApplication using Java 17.0.11 with PID 121814 (/home/userpc/IdeaProjects/PET/maven/todolist-web/target/classes started by userpc in /home/userpc/IdeaProjects/PET/maven/todolist-web)
2024-06-06T19:08:39.526+05:00  INFO 121814 --- [main] l.todolistweb.TodolistWebApplication     : No active profile set, falling back to 1 default profile: "default"
2024-06-06T19:08:39.951+05:00  INFO 121814 --- [main] .s.d.r.c.RepositoryConfigurationDelegate : Bootstrapping Spring Data JPA repositories in DEFAULT mode.
2024-06-06T19:08:39.998+05:00  INFO 121814 --- [main] .s.d.r.c.RepositoryConfigurationDelegate : Finished Spring Data repository scanning in 41 ms. Found 2 JPA repository interfaces.
2024-06-06T19:08:40.598+05:00  INFO 121814 --- [main] o.s.b.w.embedded.tomcat.TomcatWebServer  : Tomcat initialized with port(s): 8080 (http)
2024-06-06T19:08:40.604+05:00  INFO 121814 --- [main] o.apache.catalina.core.StandardService   : Starting service [Tomcat]
2024-06-06T19:08:40.604+05:00  INFO 121814 --- [main] o.apache.catalina.core.StandardEngine    : Starting Servlet engine: [Apache Tomcat/10.1.8]
2024-06-06T19:08:40.671+05:00  INFO 121814 --- [main] o.a.c.c.C.[Tomcat].[localhost].[/]       : Initializing Spring embedded WebApplicationContext
2024-06-06T19:08:40.671+05:00  INFO 121814 --- [main] w.s.c.ServletWebServerApplicationContext : Root WebApplicationContext: initialization completed in 1114 ms
2024-06-06T19:08:40.787+05:00  INFO 121814 --- [main] com.zaxxer.hikari.HikariDataSource       : HikariPool-1 - Starting...
2024-06-06T19:08:40.945+05:00  INFO 121814 --- [main] com.zaxxer.hikari.pool.HikariPool        : HikariPool-1 - Added connection conn0: url=jdbc:h2:mem:db user=TEST
2024-06-06T19:08:40.946+05:00  INFO 121814 --- [main] com.zaxxer.hikari.HikariDataSource       : HikariPool-1 - Start completed.
2024-06-06T19:08:40.996+05:00  INFO 121814 --- [main] liquibase.database                       : Set default schema name to public
2024-06-06T19:08:41.182+05:00  INFO 121814 --- [main] liquibase.executor                       : Changelog query completed.
2024-06-06T19:08:41.184+05:00  INFO 121814 --- [main] liquibase.executor                       : Changelog query completed.
2024-06-06T19:08:41.188+05:00  INFO 121814 --- [main] liquibase.executor                       : Changelog query completed.
2024-06-06T19:08:41.190+05:00  INFO 121814 --- [main] liquibase.executor                       : Changelog query completed.
2024-06-06T19:08:41.194+05:00  INFO 121814 --- [main] liquibase.executor                       : Changelog query completed.
2024-06-06T19:08:41.194+05:00  INFO 121814 --- [main] liquibase.lockservice                    : Successfully acquired change log lock
2024-06-06T19:08:41.203+05:00  INFO 121814 --- [main] liquibase.changelog                      : Creating database history table with name: public.DATABASECHANGELOG
2024-06-06T19:08:41.206+05:00  INFO 121814 --- [main] liquibase.executor                       : Changelog query completed.
2024-06-06T19:08:41.207+05:00  INFO 121814 --- [main] liquibase.changelog                      : Reading from public.DATABASECHANGELOG
2024-06-06T19:08:41.209+05:00  INFO 121814 --- [main] liquibase.executor                       : Changelog query completed.
2024-06-06T19:08:41.210+05:00  INFO 121814 --- [main] liquibase.executor                       : Changelog query completed.
2024-06-06T19:08:41.246+05:00  INFO 121814 --- [main] liquibase.changelog                      : Custom SQL executed
2024-06-06T19:08:41.246+05:00  INFO 121814 --- [main] liquibase.changelog                      : ChangeSet db/changelog/db.changelog-1.0.sql::1::lepdv ran successfully in 11ms
2024-06-06T19:08:41.249+05:00  INFO 121814 --- [main] liquibase.executor                       : Changelog query completed.
2024-06-06T19:08:41.250+05:00  INFO 121814 --- [main] liquibase.executor                       : Changelog query completed.
2024-06-06T19:08:41.254+05:00  INFO 121814 --- [main] liquibase.changelog                      : Custom SQL executed
2024-06-06T19:08:41.255+05:00  INFO 121814 --- [main] liquibase.changelog                      : ChangeSet db/changelog/db.changelog-1.0.sql::2::lepdv ran successfully in 4ms
2024-06-06T19:08:41.256+05:00  INFO 121814 --- [main] liquibase.executor                       : Changelog query completed.
2024-06-06T19:08:41.258+05:00  INFO 121814 --- [main] liquibase.changelog                      : Custom SQL executed
2024-06-06T19:08:41.258+05:00  INFO 121814 --- [main] liquibase.changelog                      : ChangeSet db/changelog/db.changelog-1.0.sql::3::lepdv ran successfully in 2ms
2024-06-06T19:08:41.259+05:00  INFO 121814 --- [main] liquibase.executor                       : Changelog query completed.
2024-06-06T19:08:41.264+05:00  INFO 121814 --- [main] liquibase.changelog                      : Custom SQL executed
2024-06-06T19:08:41.264+05:00  INFO 121814 --- [main] liquibase.changelog                      : ChangeSet db/changelog/db.changelog-1.0.sql::4::lepdv ran successfully in 4ms
2024-06-06T19:08:41.265+05:00  INFO 121814 --- [main] liquibase.executor                       : Changelog query completed.
2024-06-06T19:08:41.268+05:00  INFO 121814 --- [main] liquibase.changelog                      : Custom SQL executed
2024-06-06T19:08:41.269+05:00  INFO 121814 --- [main] liquibase.changelog                      : ChangeSet db/changelog/db.changelog-1.0.sql::5::lepdv ran successfully in 2ms
2024-06-06T19:08:41.270+05:00  INFO 121814 --- [main] liquibase.executor                       : Changelog query completed.
2024-06-06T19:08:41.273+05:00  INFO 121814 --- [main] liquibase.changelog                      : Custom SQL executed
2024-06-06T19:08:41.273+05:00  INFO 121814 --- [main] liquibase.changelog                      : ChangeSet db/changelog/db.changelog-2.0.sql::1::lepdv ran successfully in 3ms
2024-06-06T19:08:41.274+05:00  INFO 121814 --- [main] liquibase.executor                       : Changelog query completed.
2024-06-06T19:08:41.279+05:00  INFO 121814 --- [main] liquibase.changelog                      : Custom SQL executed
2024-06-06T19:08:41.279+05:00  INFO 121814 --- [main] liquibase.changelog                      : ChangeSet db/changelog/db.changelog-2.0.sql::2::lepdv ran successfully in 4ms
2024-06-06T19:08:41.280+05:00  INFO 121814 --- [main] liquibase.executor                       : Changelog query completed.
2024-06-06T19:08:41.281+05:00  INFO 121814 --- [main] liquibase                                : Update command completed successfully.
2024-06-06T19:08:41.282+05:00  INFO 121814 --- [main] liquibase.executor                       : Changelog query completed.
2024-06-06T19:08:41.282+05:00  INFO 121814 --- [main] liquibase.lockservice                    : Successfully released change log lock
2024-06-06T19:08:41.350+05:00  INFO 121814 --- [main] o.hibernate.jpa.internal.util.LogHelper  : HHH000204: Processing PersistenceUnitInfo [name: default]
2024-06-06T19:08:41.402+05:00  INFO 121814 --- [main] org.hibernate.Version                    : HHH000412: Hibernate ORM core version 6.2.2.Final
2024-06-06T19:08:41.404+05:00  INFO 121814 --- [main] org.hibernate.cfg.Environment            : HHH000406: Using bytecode reflection optimizer
2024-06-06T19:08:41.495+05:00  INFO 121814 --- [main] o.h.e.boot.internal.EnversServiceImpl    : Envers integration enabled? : true
2024-06-06T19:08:41.509+05:00  INFO 121814 --- [main] o.h.b.i.BytecodeProviderInitiator        : HHH000021: Bytecode provider name : bytebuddy
2024-06-06T19:08:41.618+05:00  INFO 121814 --- [main] o.s.o.j.p.SpringPersistenceUnitInfo      : No LoadTimeWeaver setup: ignoring JPA class transformer
2024-06-06T19:08:41.653+05:00  INFO 121814 --- [main] org.hibernate.orm.dialect                : HHH035001: Using dialect: org.hibernate.dialect.H2Dialect, version: 2.1.214
2024-06-06T19:08:41.824+05:00  INFO 121814 --- [main] o.h.e.c.i.m.AuditMetadataGenerator       : Adding properties for entity: lepdv.todolistweb.entity.User
2024-06-06T19:08:41.825+05:00  INFO 121814 --- [main] o.h.e.c.i.m.AuditMetadataGenerator       : Adding properties for entity: lepdv.todolistweb.entity.Task
2024-06-06T19:08:41.860+05:00  INFO 121814 --- [main] o.h.b.i.BytecodeProviderInitiator        : HHH000021: Bytecode provider name : bytebuddy
2024-06-06T19:08:42.378+05:00  INFO 121814 --- [main] o.h.e.t.j.p.i.JtaPlatformInitiator       : HHH000490: Using JtaPlatform implementation: [org.hibernate.engine.transaction.jta.platform.internal.NoJtaPlatform]
2024-06-06T19:08:42.379+05:00  INFO 121814 --- [main] j.LocalContainerEntityManagerFactoryBean : Initialized JPA EntityManagerFactory for persistence unit 'default'
2024-06-06T19:08:43.210+05:00  INFO 121814 --- [main] o.s.s.web.DefaultSecurityFilterChain     : Will secure any request with [org.springframework.security.web.session.DisableEncodeUrlFilter@5e81b406, org.springframework.security.web.context.request.async.WebAsyncManagerIntegrationFilter@3ff83cc8, org.springframework.security.web.context.SecurityContextHolderFilter@1464a177, org.springframework.security.web.header.HeaderWriterFilter@4fc9e73d, org.springframework.security.web.csrf.CsrfFilter@2202e978, org.springframework.security.web.authentication.logout.LogoutFilter@19740583, org.springframework.security.oauth2.client.web.OAuth2AuthorizationRequestRedirectFilter@16575bfe, org.springframework.security.oauth2.client.web.OAuth2LoginAuthenticationFilter@60003305, org.springframework.security.web.authentication.UsernamePasswordAuthenticationFilter@65a03c19, org.springframework.security.web.savedrequest.RequestCacheAwareFilter@259647f2, org.springframework.security.web.servletapi.SecurityContextHolderAwareRequestFilter@54c9c09c, org.springframework.security.web.authentication.AnonymousAuthenticationFilter@6dd8ac29, org.springframework.security.web.access.ExceptionTranslationFilter@4bd7e0b6, org.springframework.security.web.access.intercept.AuthorizationFilter@4842a683]
2024-06-06T19:08:43.439+05:00  INFO 121814 --- [main] o.s.b.w.embedded.tomcat.TomcatWebServer  : Tomcat started on port(s): 8080 (http) with context path ''
2024-06-06T19:08:43.447+05:00  INFO 121814 --- [main] l.todolistweb.TodolistWebApplication     : Started TodolistWebApplication in 4.218 seconds (process running for 4.612)
2024-06-06T19:09:16.665+05:00  INFO 121814 --- [http-nio-8080-exec-1] o.a.c.c.C.[Tomcat].[localhost].[/]       : Initializing Spring DispatcherServlet 'dispatcherServlet'
2024-06-06T19:09:16.665+05:00  INFO 121814 --- [http-nio-8080-exec-1] o.s.web.servlet.DispatcherServlet        : Initializing Servlet 'dispatcherServlet'
2024-06-06T19:09:16.666+05:00  INFO 121814 --- [http-nio-8080-exec-1] o.s.web.servlet.DispatcherServlet        : Completed initialization in 1 ms
2024-06-06T19:09:38.633+05:00  INFO 121814 --- [SpringApplicationShutdownHook] j.LocalContainerEntityManagerFactoryBean : Closing JPA EntityManagerFactory for persistence unit 'default'
2024-06-06T19:09:38.635+05:00  INFO 121814 --- [SpringApplicationShutdownHook] com.zaxxer.hikari.HikariDataSource       : HikariPool-1 - Shutdown initiated...
2024-06-06T19:09:38.636+05:00  INFO 121814 --- [SpringApplicationShutdownHook] com.zaxxer.hikari.HikariDataSource       : HikariPool-1 - Shutdown completed.
2024-06-06T19:48:01.275+05:00  INFO 126483 --- [main] l.todolistweb.TodolistWebApplication     : Starting TodolistWebApplication using Java 20.0.2 with PID 126483 (/home/userpc/IdeaProjects/PET/maven/todolist-web/target/classes started by userpc in /home/userpc/IdeaProjects/PET/maven/todolist-web)
2024-06-06T19:48:01.277+05:00  INFO 126483 --- [main] l.todolistweb.TodolistWebApplication     : No active profile set, falling back to 1 default profile: "default"
2024-06-06T19:48:01.654+05:00  INFO 126483 --- [main] .s.d.r.c.RepositoryConfigurationDelegate : Bootstrapping Spring Data JPA repositories in DEFAULT mode.
2024-06-06T19:48:01.702+05:00  INFO 126483 --- [main] .s.d.r.c.RepositoryConfigurationDelegate : Finished Spring Data repository scanning in 42 ms. Found 2 JPA repository interfaces.
2024-06-06T19:48:02.301+05:00  INFO 126483 --- [main] o.s.b.w.embedded.tomcat.TomcatWebServer  : Tomcat initialized with port(s): 8080 (http)
2024-06-06T19:48:02.307+05:00  INFO 126483 --- [main] o.apache.catalina.core.StandardService   : Starting service [Tomcat]
2024-06-06T19:48:02.307+05:00  INFO 126483 --- [main] o.apache.catalina.core.StandardEngine    : Starting Servlet engine: [Apache Tomcat/10.1.8]
2024-06-06T19:48:02.363+05:00  INFO 126483 --- [main] o.a.c.c.C.[Tomcat].[localhost].[/]       : Initializing Spring embedded WebApplicationContext
2024-06-06T19:48:02.364+05:00  INFO 126483 --- [main] w.s.c.ServletWebServerApplicationContext : Root WebApplicationContext: initialization completed in 1052 ms
2024-06-06T19:48:02.466+05:00  INFO 126483 --- [main] com.zaxxer.hikari.HikariDataSource       : HikariPool-1 - Starting...
2024-06-06T19:48:02.606+05:00  INFO 126483 --- [main] com.zaxxer.hikari.pool.HikariPool        : HikariPool-1 - Added connection conn0: url=jdbc:h2:mem:db user=TEST
2024-06-06T19:48:02.607+05:00  INFO 126483 --- [main] com.zaxxer.hikari.HikariDataSource       : HikariPool-1 - Start completed.
2024-06-06T19:48:02.649+05:00  INFO 126483 --- [main] liquibase.database                       : Set default schema name to public
2024-06-06T19:48:02.819+05:00  INFO 126483 --- [main] liquibase.executor                       : Changelog query completed.
2024-06-06T19:48:02.822+05:00  INFO 126483 --- [main] liquibase.executor                       : Changelog query completed.
2024-06-06T19:48:02.825+05:00  INFO 126483 --- [main] liquibase.executor                       : Changelog query completed.
2024-06-06T19:48:02.828+05:00  INFO 126483 --- [main] liquibase.executor                       : Changelog query completed.
2024-06-06T19:48:02.832+05:00  INFO 126483 --- [main] liquibase.executor                       : Changelog query completed.
2024-06-06T19:48:02.832+05:00  INFO 126483 --- [main] liquibase.lockservice                    : Successfully acquired change log lock
2024-06-06T19:48:02.840+05:00  INFO 126483 --- [main] liquibase.changelog                      : Creating database history table with name: public.DATABASECHANGELOG
2024-06-06T19:48:02.843+05:00  INFO 126483 --- [main] liquibase.executor                       : Changelog query completed.
2024-06-06T19:48:02.844+05:00  INFO 126483 --- [main] liquibase.changelog                      : Reading from public.DATABASECHANGELOG
2024-06-06T19:48:02.846+05:00  INFO 126483 --- [main] liquibase.executor                       : Changelog query completed.
2024-06-06T19:48:02.847+05:00  INFO 126483 --- [main] liquibase.executor                       : Changelog query completed.
2024-06-06T19:48:02.883+05:00  INFO 126483 --- [main] liquibase.changelog                      : Custom SQL executed
2024-06-06T19:48:02.884+05:00  INFO 126483 --- [main] liquibase.changelog                      : ChangeSet db/changelog/db.changelog-1.0.sql::1::lepdv ran successfully in 11ms
2024-06-06T19:48:02.886+05:00  INFO 126483 --- [main] liquibase.executor                       : Changelog query completed.
2024-06-06T19:48:02.887+05:00  INFO 126483 --- [main] liquibase.executor                       : Changelog query completed.
2024-06-06T19:48:02.892+05:00  INFO 126483 --- [main] liquibase.changelog                      : Custom SQL executed
2024-06-06T19:48:02.893+05:00  INFO 126483 --- [main] liquibase.changelog                      : ChangeSet db/changelog/db.changelog-1.0.sql::2::lepdv ran successfully in 4ms
2024-06-06T19:48:02.894+05:00  INFO 126483 --- [main] liquibase.executor                       : Changelog query completed.
2024-06-06T19:48:02.896+05:00  INFO 126483 --- [main] liquibase.changelog                      : Custom SQL executed
2024-06-06T19:48:02.896+05:00  INFO 126483 --- [main] liquibase.changelog                      : ChangeSet db/changelog/db.changelog-1.0.sql::3::lepdv ran successfully in 2ms
2024-06-06T19:48:02.897+05:00  INFO 126483 --- [main] liquibase.executor                       : Changelog query completed.
2024-06-06T19:48:02.901+05:00  INFO 126483 --- [main] liquibase.changelog                      : Custom SQL executed
2024-06-06T19:48:02.902+05:00  INFO 126483 --- [main] liquibase.changelog                      : ChangeSet db/changelog/db.changelog-1.0.sql::4::lepdv ran successfully in 4ms
2024-06-06T19:48:02.903+05:00  INFO 126483 --- [main] liquibase.executor                       : Changelog query completed.
2024-06-06T19:48:02.906+05:00  INFO 126483 --- [main] liquibase.changelog                      : Custom SQL executed
2024-06-06T19:48:02.907+05:00  INFO 126483 --- [main] liquibase.changelog                      : ChangeSet db/changelog/db.changelog-1.0.sql::5::lepdv ran successfully in 2ms
2024-06-06T19:48:02.908+05:00  INFO 126483 --- [main] liquibase.executor                       : Changelog query completed.
2024-06-06T19:48:02.911+05:00  INFO 126483 --- [main] liquibase.changelog                      : Custom SQL executed
2024-06-06T19:48:02.911+05:00  INFO 126483 --- [main] liquibase.changelog                      : ChangeSet db/changelog/db.changelog-2.0.sql::1::lepdv ran successfully in 3ms
2024-06-06T19:48:02.912+05:00  INFO 126483 --- [main] liquibase.executor                       : Changelog query completed.
2024-06-06T19:48:02.916+05:00  INFO 126483 --- [main] liquibase.changelog                      : Custom SQL executed
2024-06-06T19:48:02.917+05:00  INFO 126483 --- [main] liquibase.changelog                      : ChangeSet db/changelog/db.changelog-2.0.sql::2::lepdv ran successfully in 4ms
2024-06-06T19:48:02.918+05:00  INFO 126483 --- [main] liquibase.executor                       : Changelog query completed.
2024-06-06T19:48:02.918+05:00  INFO 126483 --- [main] liquibase                                : Update command completed successfully.
2024-06-06T19:48:02.920+05:00  INFO 126483 --- [main] liquibase.executor                       : Changelog query completed.
2024-06-06T19:48:02.920+05:00  INFO 126483 --- [main] liquibase.lockservice                    : Successfully released change log lock
2024-06-06T19:48:02.985+05:00  INFO 126483 --- [main] o.hibernate.jpa.internal.util.LogHelper  : HHH000204: Processing PersistenceUnitInfo [name: default]
2024-06-06T19:48:03.017+05:00  INFO 126483 --- [main] org.hibernate.Version                    : HHH000412: Hibernate ORM core version 6.2.2.Final
2024-06-06T19:48:03.018+05:00  INFO 126483 --- [main] org.hibernate.cfg.Environment            : HHH000406: Using bytecode reflection optimizer
2024-06-06T19:48:03.085+05:00  INFO 126483 --- [main] o.h.e.boot.internal.EnversServiceImpl    : Envers integration enabled? : true
2024-06-06T19:48:03.097+05:00  INFO 126483 --- [main] o.h.b.i.BytecodeProviderInitiator        : HHH000021: Bytecode provider name : bytebuddy
2024-06-06T19:48:03.174+05:00  INFO 126483 --- [main] o.s.o.j.p.SpringPersistenceUnitInfo      : No LoadTimeWeaver setup: ignoring JPA class transformer
2024-06-06T19:48:03.206+05:00  INFO 126483 --- [main] org.hibernate.orm.dialect                : HHH035001: Using dialect: org.hibernate.dialect.H2Dialect, version: 2.1.214
2024-06-06T19:48:03.360+05:00  INFO 126483 --- [main] o.h.e.c.i.m.AuditMetadataGenerator       : Adding properties for entity: lepdv.todolistweb.entity.User
2024-06-06T19:48:03.362+05:00  INFO 126483 --- [main] o.h.e.c.i.m.AuditMetadataGenerator       : Adding properties for entity: lepdv.todolistweb.entity.Task
2024-06-06T19:48:03.392+05:00  INFO 126483 --- [main] o.h.b.i.BytecodeProviderInitiator        : HHH000021: Bytecode provider name : bytebuddy
2024-06-06T19:48:03.875+05:00  INFO 126483 --- [main] o.h.e.t.j.p.i.JtaPlatformInitiator       : HHH000490: Using JtaPlatform implementation: [org.hibernate.engine.transaction.jta.platform.internal.NoJtaPlatform]
2024-06-06T19:48:03.877+05:00  INFO 126483 --- [main] j.LocalContainerEntityManagerFactoryBean : Initialized JPA EntityManagerFactory for persistence unit 'default'
2024-06-06T19:48:04.641+05:00  INFO 126483 --- [main] o.s.s.web.DefaultSecurityFilterChain     : Will secure any request with [org.springframework.security.web.session.DisableEncodeUrlFilter@200cbb63, org.springframework.security.web.context.request.async.WebAsyncManagerIntegrationFilter@35ab83a7, org.springframework.security.web.context.SecurityContextHolderFilter@58f259bd, org.springframework.security.web.header.HeaderWriterFilter@24c94e95, org.springframework.security.web.csrf.CsrfFilter@47a05ad8, org.springframework.security.web.authentication.logout.LogoutFilter@6829b897, org.springframework.security.web.authentication.UsernamePasswordAuthenticationFilter@40a360e6, org.springframework.security.web.savedrequest.RequestCacheAwareFilter@4075c0d8, org.springframework.security.web.servletapi.SecurityContextHolderAwareRequestFilter@3670af2b, org.springframework.security.web.authentication.AnonymousAuthenticationFilter@7a7698f4, org.springframework.security.web.access.ExceptionTranslationFilter@4bf2c697, org.springframework.security.web.access.intercept.AuthorizationFilter@58dd584a]
2024-06-06T19:48:04.852+05:00  INFO 126483 --- [main] o.s.b.w.embedded.tomcat.TomcatWebServer  : Tomcat started on port(s): 8080 (http) with context path ''
2024-06-06T19:48:04.859+05:00  INFO 126483 --- [main] l.todolistweb.TodolistWebApplication     : Started TodolistWebApplication in 3.869 seconds (process running for 4.332)
2024-06-06T19:48:17.761+05:00  INFO 126483 --- [http-nio-8080-exec-1] o.a.c.c.C.[Tomcat].[localhost].[/]       : Initializing Spring DispatcherServlet 'dispatcherServlet'
2024-06-06T19:48:17.761+05:00  INFO 126483 --- [http-nio-8080-exec-1] o.s.web.servlet.DispatcherServlet        : Initializing Servlet 'dispatcherServlet'
2024-06-06T19:48:17.762+05:00  INFO 126483 --- [http-nio-8080-exec-1] o.s.web.servlet.DispatcherServlet        : Completed initialization in 1 ms
2024-06-06T19:55:42.559+05:00  INFO 126483 --- [SpringApplicationShutdownHook] j.LocalContainerEntityManagerFactoryBean : Closing JPA EntityManagerFactory for persistence unit 'default'
2024-06-06T19:55:42.560+05:00  INFO 126483 --- [SpringApplicationShutdownHook] com.zaxxer.hikari.HikariDataSource       : HikariPool-1 - Shutdown initiated...
2024-06-06T19:55:42.561+05:00  INFO 126483 --- [SpringApplicationShutdownHook] com.zaxxer.hikari.HikariDataSource       : HikariPool-1 - Shutdown completed.
2024-06-06T19:56:14.527+05:00  INFO 127630 --- [main] l.todolistweb.TodolistWebApplication     : Starting TodolistWebApplication using Java 20.0.2 with PID 127630 (/home/userpc/IdeaProjects/PET/maven/todolist-web/target/classes started by userpc in /home/userpc/IdeaProjects/PET/maven/todolist-web)
2024-06-06T19:56:14.529+05:00  INFO 127630 --- [main] l.todolistweb.TodolistWebApplication     : No active profile set, falling back to 1 default profile: "default"
2024-06-06T19:56:14.877+05:00  INFO 127630 --- [main] .s.d.r.c.RepositoryConfigurationDelegate : Bootstrapping Spring Data JPA repositories in DEFAULT mode.
2024-06-06T19:56:14.920+05:00  INFO 127630 --- [main] .s.d.r.c.RepositoryConfigurationDelegate : Finished Spring Data repository scanning in 38 ms. Found 2 JPA repository interfaces.
2024-06-06T19:56:15.460+05:00  INFO 127630 --- [main] o.s.b.w.embedded.tomcat.TomcatWebServer  : Tomcat initialized with port(s): 8080 (http)
2024-06-06T19:56:15.466+05:00  INFO 127630 --- [main] o.apache.catalina.core.StandardService   : Starting service [Tomcat]
2024-06-06T19:56:15.466+05:00  INFO 127630 --- [main] o.apache.catalina.core.StandardEngine    : Starting Servlet engine: [Apache Tomcat/10.1.8]
2024-06-06T19:56:15.516+05:00  INFO 127630 --- [main] o.a.c.c.C.[Tomcat].[localhost].[/]       : Initializing Spring embedded WebApplicationContext
2024-06-06T19:56:15.516+05:00  INFO 127630 --- [main] w.s.c.ServletWebServerApplicationContext : Root WebApplicationContext: initialization completed in 952 ms
2024-06-06T19:56:15.624+05:00  INFO 127630 --- [main] com.zaxxer.hikari.HikariDataSource       : HikariPool-1 - Starting...
2024-06-06T19:56:15.758+05:00  INFO 127630 --- [main] com.zaxxer.hikari.pool.HikariPool        : HikariPool-1 - Added connection conn0: url=jdbc:h2:mem:db user=TEST
2024-06-06T19:56:15.759+05:00  INFO 127630 --- [main] com.zaxxer.hikari.HikariDataSource       : HikariPool-1 - Start completed.
2024-06-06T19:56:15.800+05:00  INFO 127630 --- [main] liquibase.database                       : Set default schema name to public
2024-06-06T19:56:15.979+05:00  INFO 127630 --- [main] liquibase.executor                       : Changelog query completed.
2024-06-06T19:56:15.981+05:00  INFO 127630 --- [main] liquibase.executor                       : Changelog query completed.
2024-06-06T19:56:15.985+05:00  INFO 127630 --- [main] liquibase.executor                       : Changelog query completed.
2024-06-06T19:56:15.987+05:00  INFO 127630 --- [main] liquibase.executor                       : Changelog query completed.
2024-06-06T19:56:15.990+05:00  INFO 127630 --- [main] liquibase.executor                       : Changelog query completed.
2024-06-06T19:56:15.991+05:00  INFO 127630 --- [main] liquibase.lockservice                    : Successfully acquired change log lock
2024-06-06T19:56:16.000+05:00  INFO 127630 --- [main] liquibase.changelog                      : Creating database history table with name: public.DATABASECHANGELOG
2024-06-06T19:56:16.003+05:00  INFO 127630 --- [main] liquibase.executor                       : Changelog query completed.
2024-06-06T19:56:16.004+05:00  INFO 127630 --- [main] liquibase.changelog                      : Reading from public.DATABASECHANGELOG
2024-06-06T19:56:16.005+05:00  INFO 127630 --- [main] liquibase.executor                       : Changelog query completed.
2024-06-06T19:56:16.006+05:00  INFO 127630 --- [main] liquibase.executor                       : Changelog query completed.
2024-06-06T19:56:16.040+05:00  INFO 127630 --- [main] liquibase.changelog                      : Custom SQL executed
2024-06-06T19:56:16.040+05:00  INFO 127630 --- [main] liquibase.changelog                      : ChangeSet db/changelog/db.changelog-1.0.sql::1::lepdv ran successfully in 10ms
2024-06-06T19:56:16.042+05:00  INFO 127630 --- [main] liquibase.executor                       : Changelog query completed.
2024-06-06T19:56:16.043+05:00  INFO 127630 --- [main] liquibase.executor                       : Changelog query completed.
2024-06-06T19:56:16.047+05:00  INFO 127630 --- [main] liquibase.changelog                      : Custom SQL executed
2024-06-06T19:56:16.048+05:00  INFO 127630 --- [main] liquibase.changelog                      : ChangeSet db/changelog/db.changelog-1.0.sql::2::lepdv ran successfully in 3ms
2024-06-06T19:56:16.049+05:00  INFO 127630 --- [main] liquibase.executor                       : Changelog query completed.
2024-06-06T19:56:16.051+05:00  INFO 127630 --- [main] liquibase.changelog                      : Custom SQL executed
2024-06-06T19:56:16.051+05:00  INFO 127630 --- [main] liquibase.changelog                      : ChangeSet db/changelog/db.changelog-1.0.sql::3::lepdv ran successfully in 2ms
2024-06-06T19:56:16.052+05:00  INFO 127630 --- [main] liquibase.executor                       : Changelog query completed.
2024-06-06T19:56:16.057+05:00  INFO 127630 --- [main] liquibase.changelog                      : Custom SQL executed
2024-06-06T19:56:16.058+05:00  INFO 127630 --- [main] liquibase.changelog                      : ChangeSet db/changelog/db.changelog-1.0.sql::4::lepdv ran successfully in 5ms
2024-06-06T19:56:16.059+05:00  INFO 127630 --- [main] liquibase.executor                       : Changelog query completed.
2024-06-06T19:56:16.062+05:00  INFO 127630 --- [main] liquibase.changelog                      : Custom SQL executed
2024-06-06T19:56:16.062+05:00  INFO 127630 --- [main] liquibase.changelog                      : ChangeSet db/changelog/db.changelog-1.0.sql::5::lepdv ran successfully in 2ms
2024-06-06T19:56:16.063+05:00  INFO 127630 --- [main] liquibase.executor                       : Changelog query completed.
2024-06-06T19:56:16.065+05:00  INFO 127630 --- [main] liquibase.changelog                      : Custom SQL executed
2024-06-06T19:56:16.066+05:00  INFO 127630 --- [main] liquibase.changelog                      : ChangeSet db/changelog/db.changelog-2.0.sql::1::lepdv ran successfully in 3ms
2024-06-06T19:56:16.067+05:00  INFO 127630 --- [main] liquibase.executor                       : Changelog query completed.
2024-06-06T19:56:16.071+05:00  INFO 127630 --- [main] liquibase.changelog                      : Custom SQL executed
2024-06-06T19:56:16.071+05:00  INFO 127630 --- [main] liquibase.changelog                      : ChangeSet db/changelog/db.changelog-2.0.sql::2::lepdv ran successfully in 4ms
2024-06-06T19:56:16.072+05:00  INFO 127630 --- [main] liquibase.executor                       : Changelog query completed.
2024-06-06T19:56:16.072+05:00  INFO 127630 --- [main] liquibase                                : Update command completed successfully.
2024-06-06T19:56:16.074+05:00  INFO 127630 --- [main] liquibase.executor                       : Changelog query completed.
2024-06-06T19:56:16.074+05:00  INFO 127630 --- [main] liquibase.lockservice                    : Successfully released change log lock
2024-06-06T19:56:16.140+05:00  INFO 127630 --- [main] o.hibernate.jpa.internal.util.LogHelper  : HHH000204: Processing PersistenceUnitInfo [name: default]
2024-06-06T19:56:16.172+05:00  INFO 127630 --- [main] org.hibernate.Version                    : HHH000412: Hibernate ORM core version 6.2.2.Final
2024-06-06T19:56:16.173+05:00  INFO 127630 --- [main] org.hibernate.cfg.Environment            : HHH000406: Using bytecode reflection optimizer
2024-06-06T19:56:16.246+05:00  INFO 127630 --- [main] o.h.e.boot.internal.EnversServiceImpl    : Envers integration enabled? : true
2024-06-06T19:56:16.258+05:00  INFO 127630 --- [main] o.h.b.i.BytecodeProviderInitiator        : HHH000021: Bytecode provider name : bytebuddy
2024-06-06T19:56:16.335+05:00  INFO 127630 --- [main] o.s.o.j.p.SpringPersistenceUnitInfo      : No LoadTimeWeaver setup: ignoring JPA class transformer
2024-06-06T19:56:16.361+05:00  INFO 127630 --- [main] org.hibernate.orm.dialect                : HHH035001: Using dialect: org.hibernate.dialect.H2Dialect, version: 2.1.214
2024-06-06T19:56:16.513+05:00  INFO 127630 --- [main] o.h.e.c.i.m.AuditMetadataGenerator       : Adding properties for entity: lepdv.todolistweb.entity.User
2024-06-06T19:56:16.514+05:00  INFO 127630 --- [main] o.h.e.c.i.m.AuditMetadataGenerator       : Adding properties for entity: lepdv.todolistweb.entity.Task
2024-06-06T19:56:16.545+05:00  INFO 127630 --- [main] o.h.b.i.BytecodeProviderInitiator        : HHH000021: Bytecode provider name : bytebuddy
2024-06-06T19:56:17.028+05:00  INFO 127630 --- [main] o.h.e.t.j.p.i.JtaPlatformInitiator       : HHH000490: Using JtaPlatform implementation: [org.hibernate.engine.transaction.jta.platform.internal.NoJtaPlatform]
2024-06-06T19:56:17.030+05:00  INFO 127630 --- [main] j.LocalContainerEntityManagerFactoryBean : Initialized JPA EntityManagerFactory for persistence unit 'default'
2024-06-06T19:56:17.806+05:00  INFO 127630 --- [main] o.s.s.web.DefaultSecurityFilterChain     : Will secure any request with [org.springframework.security.web.session.DisableEncodeUrlFilter@2a5917f6, org.springframework.security.web.context.request.async.WebAsyncManagerIntegrationFilter@c34fd2, org.springframework.security.web.context.SecurityContextHolderFilter@4a0dd851, org.springframework.security.web.header.HeaderWriterFilter@64a0ee65, org.springframework.security.web.csrf.CsrfFilter@68fb6c1e, org.springframework.security.web.authentication.logout.LogoutFilter@4adb2b87, org.springframework.security.web.authentication.UsernamePasswordAuthenticationFilter@3d056418, org.springframework.security.web.savedrequest.RequestCacheAwareFilter@25a81f28, org.springframework.security.web.servletapi.SecurityContextHolderAwareRequestFilter@51577fc8, org.springframework.security.web.authentication.AnonymousAuthenticationFilter@558fa64a, org.springframework.security.web.access.ExceptionTranslationFilter@3e7c66b3, org.springframework.security.web.access.intercept.AuthorizationFilter@53c39950]
2024-06-06T19:56:18.019+05:00  INFO 127630 --- [main] o.s.b.w.embedded.tomcat.TomcatWebServer  : Tomcat started on port(s): 8080 (http) with context path ''
2024-06-06T19:56:18.026+05:00  INFO 127630 --- [main] l.todolistweb.TodolistWebApplication     : Started TodolistWebApplication in 3.762 seconds (process running for 4.407)
2024-06-06T19:56:19.974+05:00  INFO 127630 --- [http-nio-8080-exec-1] o.a.c.c.C.[Tomcat].[localhost].[/]       : Initializing Spring DispatcherServlet 'dispatcherServlet'
2024-06-06T19:56:19.974+05:00  INFO 127630 --- [http-nio-8080-exec-1] o.s.web.servlet.DispatcherServlet        : Initializing Servlet 'dispatcherServlet'
2024-06-06T19:56:19.975+05:00  INFO 127630 --- [http-nio-8080-exec-1] o.s.web.servlet.DispatcherServlet        : Completed initialization in 1 ms
2024-06-06T19:56:35.553+05:00  INFO 127630 --- [http-nio-8080-exec-6] lepdv.todolistweb.service.TaskService    : Task id=1 was marked as completed
2024-06-06T19:57:34.361+05:00  INFO 127630 --- [http-nio-8080-exec-6] lepdv.todolistweb.service.UserService    : New user was registered id=5, username=Petr
2024-06-06T19:59:01.029+05:00  INFO 127630 --- [SpringApplicationShutdownHook] j.LocalContainerEntityManagerFactoryBean : Closing JPA EntityManagerFactory for persistence unit 'default'
2024-06-06T19:59:01.030+05:00  INFO 127630 --- [SpringApplicationShutdownHook] com.zaxxer.hikari.HikariDataSource       : HikariPool-1 - Shutdown initiated...
2024-06-06T19:59:01.032+05:00  INFO 127630 --- [SpringApplicationShutdownHook] com.zaxxer.hikari.HikariDataSource       : HikariPool-1 - Shutdown completed.
2024-06-06T19:59:03.514+05:00  INFO 128002 --- [main] l.todolistweb.TodolistWebApplication     : Starting TodolistWebApplication using Java 20.0.2 with PID 128002 (/home/userpc/IdeaProjects/PET/maven/todolist-web/target/classes started by userpc in /home/userpc/IdeaProjects/PET/maven/todolist-web)
2024-06-06T19:59:03.515+05:00  INFO 128002 --- [main] l.todolistweb.TodolistWebApplication     : No active profile set, falling back to 1 default profile: "default"
2024-06-06T19:59:03.862+05:00  INFO 128002 --- [main] .s.d.r.c.RepositoryConfigurationDelegate : Bootstrapping Spring Data JPA repositories in DEFAULT mode.
2024-06-06T19:59:03.907+05:00  INFO 128002 --- [main] .s.d.r.c.RepositoryConfigurationDelegate : Finished Spring Data repository scanning in 40 ms. Found 2 JPA repository interfaces.
2024-06-06T19:59:04.428+05:00  INFO 128002 --- [main] o.s.b.w.embedded.tomcat.TomcatWebServer  : Tomcat initialized with port(s): 8080 (http)
2024-06-06T19:59:04.433+05:00  INFO 128002 --- [main] o.apache.catalina.core.StandardService   : Starting service [Tomcat]
2024-06-06T19:59:04.434+05:00  INFO 128002 --- [main] o.apache.catalina.core.StandardEngine    : Starting Servlet engine: [Apache Tomcat/10.1.8]
2024-06-06T19:59:04.481+05:00  INFO 128002 --- [main] o.a.c.c.C.[Tomcat].[localhost].[/]       : Initializing Spring embedded WebApplicationContext
2024-06-06T19:59:04.481+05:00  INFO 128002 --- [main] w.s.c.ServletWebServerApplicationContext : Root WebApplicationContext: initialization completed in 933 ms
2024-06-06T19:59:04.584+05:00  INFO 128002 --- [main] com.zaxxer.hikari.HikariDataSource       : HikariPool-1 - Starting...
2024-06-06T19:59:04.719+05:00  INFO 128002 --- [main] com.zaxxer.hikari.pool.HikariPool        : HikariPool-1 - Added connection conn0: url=jdbc:h2:mem:db user=TEST
2024-06-06T19:59:04.720+05:00  INFO 128002 --- [main] com.zaxxer.hikari.HikariDataSource       : HikariPool-1 - Start completed.
2024-06-06T19:59:04.759+05:00  INFO 128002 --- [main] liquibase.database                       : Set default schema name to public
2024-06-06T19:59:04.917+05:00  INFO 128002 --- [main] liquibase.executor                       : Changelog query completed.
2024-06-06T19:59:04.919+05:00  INFO 128002 --- [main] liquibase.executor                       : Changelog query completed.
2024-06-06T19:59:04.923+05:00  INFO 128002 --- [main] liquibase.executor                       : Changelog query completed.
2024-06-06T19:59:04.925+05:00  INFO 128002 --- [main] liquibase.executor                       : Changelog query completed.
2024-06-06T19:59:04.929+05:00  INFO 128002 --- [main] liquibase.executor                       : Changelog query completed.
2024-06-06T19:59:04.929+05:00  INFO 128002 --- [main] liquibase.lockservice                    : Successfully acquired change log lock
2024-06-06T19:59:04.938+05:00  INFO 128002 --- [main] liquibase.changelog                      : Creating database history table with name: public.DATABASECHANGELOG
2024-06-06T19:59:04.941+05:00  INFO 128002 --- [main] liquibase.executor                       : Changelog query completed.
2024-06-06T19:59:04.942+05:00  INFO 128002 --- [main] liquibase.changelog                      : Reading from public.DATABASECHANGELOG
2024-06-06T19:59:04.943+05:00  INFO 128002 --- [main] liquibase.executor                       : Changelog query completed.
2024-06-06T19:59:04.944+05:00  INFO 128002 --- [main] liquibase.executor                       : Changelog query completed.
2024-06-06T19:59:04.981+05:00  INFO 128002 --- [main] liquibase.changelog                      : Custom SQL executed
2024-06-06T19:59:04.981+05:00  INFO 128002 --- [main] liquibase.changelog                      : ChangeSet db/changelog/db.changelog-1.0.sql::1::lepdv ran successfully in 12ms
2024-06-06T19:59:04.985+05:00  INFO 128002 --- [main] liquibase.executor                       : Changelog query completed.
2024-06-06T19:59:04.986+05:00  INFO 128002 --- [main] liquibase.executor                       : Changelog query completed.
2024-06-06T19:59:04.990+05:00  INFO 128002 --- [main] liquibase.changelog                      : Custom SQL executed
2024-06-06T19:59:04.991+05:00  INFO 128002 --- [main] liquibase.changelog                      : ChangeSet db/changelog/db.changelog-1.0.sql::2::lepdv ran successfully in 3ms
2024-06-06T19:59:04.992+05:00  INFO 128002 --- [main] liquibase.executor                       : Changelog query completed.
2024-06-06T19:59:04.994+05:00  INFO 128002 --- [main] liquibase.changelog                      : Custom SQL executed
2024-06-06T19:59:04.994+05:00  INFO 128002 --- [main] liquibase.changelog                      : ChangeSet db/changelog/db.changelog-1.0.sql::3::lepdv ran successfully in 2ms
2024-06-06T19:59:04.996+05:00  INFO 128002 --- [main] liquibase.executor                       : Changelog query completed.
2024-06-06T19:59:05.000+05:00  INFO 128002 --- [main] liquibase.changelog                      : Custom SQL executed
2024-06-06T19:59:05.001+05:00  INFO 128002 --- [main] liquibase.changelog                      : ChangeSet db/changelog/db.changelog-1.0.sql::4::lepdv ran successfully in 5ms
2024-06-06T19:59:05.002+05:00  INFO 128002 --- [main] liquibase.executor                       : Changelog query completed.
2024-06-06T19:59:05.005+05:00  INFO 128002 --- [main] liquibase.changelog                      : Custom SQL executed
2024-06-06T19:59:05.006+05:00  INFO 128002 --- [main] liquibase.changelog                      : ChangeSet db/changelog/db.changelog-1.0.sql::5::lepdv ran successfully in 3ms
2024-06-06T19:59:05.007+05:00  INFO 128002 --- [main] liquibase.executor                       : Changelog query completed.
2024-06-06T19:59:05.010+05:00  INFO 128002 --- [main] liquibase.changelog                      : Custom SQL executed
2024-06-06T19:59:05.010+05:00  INFO 128002 --- [main] liquibase.changelog                      : ChangeSet db/changelog/db.changelog-2.0.sql::1::lepdv ran successfully in 3ms
2024-06-06T19:59:05.011+05:00  INFO 128002 --- [main] liquibase.executor                       : Changelog query completed.
2024-06-06T19:59:05.015+05:00  INFO 128002 --- [main] liquibase.changelog                      : Custom SQL executed
2024-06-06T19:59:05.016+05:00  INFO 128002 --- [main] liquibase.changelog                      : ChangeSet db/changelog/db.changelog-2.0.sql::2::lepdv ran successfully in 5ms
2024-06-06T19:59:05.017+05:00  INFO 128002 --- [main] liquibase.executor                       : Changelog query completed.
2024-06-06T19:59:05.017+05:00  INFO 128002 --- [main] liquibase                                : Update command completed successfully.
2024-06-06T19:59:05.018+05:00  INFO 128002 --- [main] liquibase.executor                       : Changelog query completed.
2024-06-06T19:59:05.019+05:00  INFO 128002 --- [main] liquibase.lockservice                    : Successfully released change log lock
2024-06-06T19:59:05.082+05:00  INFO 128002 --- [main] o.hibernate.jpa.internal.util.LogHelper  : HHH000204: Processing PersistenceUnitInfo [name: default]
2024-06-06T19:59:05.114+05:00  INFO 128002 --- [main] org.hibernate.Version                    : HHH000412: Hibernate ORM core version 6.2.2.Final
2024-06-06T19:59:05.115+05:00  INFO 128002 --- [main] org.hibernate.cfg.Environment            : HHH000406: Using bytecode reflection optimizer
2024-06-06T19:59:05.182+05:00  INFO 128002 --- [main] o.h.e.boot.internal.EnversServiceImpl    : Envers integration enabled? : true
2024-06-06T19:59:05.194+05:00  INFO 128002 --- [main] o.h.b.i.BytecodeProviderInitiator        : HHH000021: Bytecode provider name : bytebuddy
2024-06-06T19:59:05.273+05:00  INFO 128002 --- [main] o.s.o.j.p.SpringPersistenceUnitInfo      : No LoadTimeWeaver setup: ignoring JPA class transformer
2024-06-06T19:59:05.300+05:00  INFO 128002 --- [main] org.hibernate.orm.dialect                : HHH035001: Using dialect: org.hibernate.dialect.H2Dialect, version: 2.1.214
2024-06-06T19:59:05.454+05:00  INFO 128002 --- [main] o.h.e.c.i.m.AuditMetadataGenerator       : Adding properties for entity: lepdv.todolistweb.entity.User
2024-06-06T19:59:05.455+05:00  INFO 128002 --- [main] o.h.e.c.i.m.AuditMetadataGenerator       : Adding properties for entity: lepdv.todolistweb.entity.Task
2024-06-06T19:59:05.486+05:00  INFO 128002 --- [main] o.h.b.i.BytecodeProviderInitiator        : HHH000021: Bytecode provider name : bytebuddy
2024-06-06T19:59:05.966+05:00  INFO 128002 --- [main] o.h.e.t.j.p.i.JtaPlatformInitiator       : HHH000490: Using JtaPlatform implementation: [org.hibernate.engine.transaction.jta.platform.internal.NoJtaPlatform]
2024-06-06T19:59:05.968+05:00  INFO 128002 --- [main] j.LocalContainerEntityManagerFactoryBean : Initialized JPA EntityManagerFactory for persistence unit 'default'
2024-06-06T19:59:06.735+05:00  INFO 128002 --- [main] o.s.s.web.DefaultSecurityFilterChain     : Will secure any request with [org.springframework.security.web.session.DisableEncodeUrlFilter@c34fd2, org.springframework.security.web.context.request.async.WebAsyncManagerIntegrationFilter@558fa64a, org.springframework.security.web.context.SecurityContextHolderFilter@293dd4b3, org.springframework.security.web.header.HeaderWriterFilter@3ce60feb, org.springframework.security.web.csrf.CsrfFilter@a89dec0, org.springframework.security.web.authentication.logout.LogoutFilter@70a984c5, org.springframework.security.web.authentication.UsernamePasswordAuthenticationFilter@769d0ef2, org.springframework.security.web.savedrequest.RequestCacheAwareFilter@51577fc8, org.springframework.security.web.servletapi.SecurityContextHolderAwareRequestFilter@753cfae3, org.springframework.security.web.authentication.AnonymousAuthenticationFilter@a55b4f9, org.springframework.security.web.access.ExceptionTranslationFilter@502f6f6a, org.springframework.security.web.access.intercept.AuthorizationFilter@3d056418]
2024-06-06T19:59:06.942+05:00  INFO 128002 --- [main] o.s.b.w.embedded.tomcat.TomcatWebServer  : Tomcat started on port(s): 8080 (http) with context path ''
2024-06-06T19:59:06.949+05:00  INFO 128002 --- [main] l.todolistweb.TodolistWebApplication     : Started TodolistWebApplication in 3.699 seconds (process running for 4.074)
2024-06-06T19:59:10.618+05:00  INFO 128002 --- [http-nio-8080-exec-1] o.a.c.c.C.[Tomcat].[localhost].[/]       : Initializing Spring DispatcherServlet 'dispatcherServlet'
2024-06-06T19:59:10.618+05:00  INFO 128002 --- [http-nio-8080-exec-1] o.s.web.servlet.DispatcherServlet        : Initializing Servlet 'dispatcherServlet'
2024-06-06T19:59:10.619+05:00  INFO 128002 --- [http-nio-8080-exec-1] o.s.web.servlet.DispatcherServlet        : Completed initialization in 1 ms
2024-06-06T19:59:43.241+05:00  INFO 128002 --- [http-nio-8080-exec-1] lepdv.todolistweb.service.TaskService    : Task id=3 was marked as completed
2024-06-06T19:59:52.548+05:00  INFO 128002 --- [SpringApplicationShutdownHook] j.LocalContainerEntityManagerFactoryBean : Closing JPA EntityManagerFactory for persistence unit 'default'
2024-06-06T19:59:52.549+05:00  INFO 128002 --- [SpringApplicationShutdownHook] com.zaxxer.hikari.HikariDataSource       : HikariPool-1 - Shutdown initiated...
2024-06-06T19:59:52.550+05:00  INFO 128002 --- [SpringApplicationShutdownHook] com.zaxxer.hikari.HikariDataSource       : HikariPool-1 - Shutdown completed.
2024-06-06T20:05:07.171+05:00  INFO 129580 --- [main] l.t.integration.service.AdminServiceIT   : Starting AdminServiceIT using Java 17.0.11 with PID 129580 (started by userpc in /home/userpc/IdeaProjects/PET/maven/todolist-web)
2024-06-06T20:05:07.172+05:00  INFO 129580 --- [main] l.t.integration.service.AdminServiceIT   : The following 1 profile is active: "test"
2024-06-06T20:05:07.732+05:00  INFO 129580 --- [main] .s.d.r.c.RepositoryConfigurationDelegate : Bootstrapping Spring Data JPA repositories in DEFAULT mode.
2024-06-06T20:05:07.799+05:00  INFO 129580 --- [main] .s.d.r.c.RepositoryConfigurationDelegate : Finished Spring Data repository scanning in 57 ms. Found 2 JPA repository interfaces.
2024-06-06T20:05:08.576+05:00  INFO 129580 --- [main] com.zaxxer.hikari.HikariDataSource       : HikariPool-1 - Starting...
2024-06-06T20:05:08.911+05:00  INFO 129580 --- [main] com.zaxxer.hikari.pool.HikariPool        : HikariPool-1 - Added connection conn0: url=jdbc:h2:mem:test user=TEST
2024-06-06T20:05:08.914+05:00  INFO 129580 --- [main] com.zaxxer.hikari.HikariDataSource       : HikariPool-1 - Start completed.
2024-06-06T20:05:09.025+05:00  INFO 129580 --- [main] liquibase.database                       : Set default schema name to public
2024-06-06T20:05:09.386+05:00  INFO 129580 --- [main] liquibase.executor                       : Changelog query completed.
2024-06-06T20:05:09.391+05:00  INFO 129580 --- [main] liquibase.executor                       : Changelog query completed.
2024-06-06T20:05:09.397+05:00  INFO 129580 --- [main] liquibase.executor                       : Changelog query completed.
2024-06-06T20:05:09.402+05:00  INFO 129580 --- [main] liquibase.executor                       : Changelog query completed.
2024-06-06T20:05:09.408+05:00  INFO 129580 --- [main] liquibase.executor                       : Changelog query completed.
2024-06-06T20:05:09.409+05:00  INFO 129580 --- [main] liquibase.lockservice                    : Successfully acquired change log lock
2024-06-06T20:05:09.425+05:00  INFO 129580 --- [main] liquibase.changelog                      : Creating database history table with name: public.DATABASECHANGELOG
2024-06-06T20:05:09.430+05:00  INFO 129580 --- [main] liquibase.executor                       : Changelog query completed.
2024-06-06T20:05:09.431+05:00  INFO 129580 --- [main] liquibase.changelog                      : Reading from public.DATABASECHANGELOG
2024-06-06T20:05:09.434+05:00  INFO 129580 --- [main] liquibase.executor                       : Changelog query completed.
2024-06-06T20:05:09.435+05:00  INFO 129580 --- [main] liquibase.executor                       : Changelog query completed.
2024-06-06T20:05:09.496+05:00  INFO 129580 --- [main] liquibase.changelog                      : Custom SQL executed
2024-06-06T20:05:09.497+05:00  INFO 129580 --- [main] liquibase.changelog                      : ChangeSet db/changelog/db.changelog-1.0.sql::1::lepdv ran successfully in 22ms
2024-06-06T20:05:09.502+05:00  INFO 129580 --- [main] liquibase.executor                       : Changelog query completed.
2024-06-06T20:05:09.504+05:00  INFO 129580 --- [main] liquibase.executor                       : Changelog query completed.
2024-06-06T20:05:09.512+05:00  INFO 129580 --- [main] liquibase.changelog                      : Custom SQL executed
2024-06-06T20:05:09.513+05:00  INFO 129580 --- [main] liquibase.changelog                      : ChangeSet db/changelog/db.changelog-1.0.sql::2::lepdv ran successfully in 8ms
2024-06-06T20:05:09.515+05:00  INFO 129580 --- [main] liquibase.executor                       : Changelog query completed.
2024-06-06T20:05:09.520+05:00  INFO 129580 --- [main] liquibase.changelog                      : Custom SQL executed
2024-06-06T20:05:09.521+05:00  INFO 129580 --- [main] liquibase.changelog                      : ChangeSet db/changelog/db.changelog-1.0.sql::3::lepdv ran successfully in 4ms
2024-06-06T20:05:09.522+05:00  INFO 129580 --- [main] liquibase.executor                       : Changelog query completed.
2024-06-06T20:05:09.530+05:00  INFO 129580 --- [main] liquibase.changelog                      : Custom SQL executed
2024-06-06T20:05:09.531+05:00  INFO 129580 --- [main] liquibase.changelog                      : ChangeSet db/changelog/db.changelog-1.0.sql::4::lepdv ran successfully in 7ms
2024-06-06T20:05:09.533+05:00  INFO 129580 --- [main] liquibase.executor                       : Changelog query completed.
2024-06-06T20:05:09.540+05:00  INFO 129580 --- [main] liquibase.changelog                      : Custom SQL executed
2024-06-06T20:05:09.541+05:00  INFO 129580 --- [main] liquibase.changelog                      : ChangeSet db/changelog/db.changelog-1.0.sql::5::lepdv ran successfully in 6ms
2024-06-06T20:05:09.542+05:00  INFO 129580 --- [main] liquibase.executor                       : Changelog query completed.
2024-06-06T20:05:09.549+05:00  INFO 129580 --- [main] liquibase.changelog                      : Custom SQL executed
2024-06-06T20:05:09.550+05:00  INFO 129580 --- [main] liquibase.changelog                      : ChangeSet db/changelog/db.changelog-2.0.sql::1::lepdv ran successfully in 6ms
2024-06-06T20:05:09.551+05:00  INFO 129580 --- [main] liquibase.executor                       : Changelog query completed.
2024-06-06T20:05:09.560+05:00  INFO 129580 --- [main] liquibase.changelog                      : Custom SQL executed
2024-06-06T20:05:09.561+05:00  INFO 129580 --- [main] liquibase.changelog                      : ChangeSet db/changelog/db.changelog-2.0.sql::2::lepdv ran successfully in 8ms
2024-06-06T20:05:09.562+05:00  INFO 129580 --- [main] liquibase.executor                       : Changelog query completed.
2024-06-06T20:05:09.563+05:00  INFO 129580 --- [main] liquibase                                : Update command completed successfully.
2024-06-06T20:05:09.565+05:00  INFO 129580 --- [main] liquibase.executor                       : Changelog query completed.
2024-06-06T20:05:09.566+05:00  INFO 129580 --- [main] liquibase.lockservice                    : Successfully released change log lock
2024-06-06T20:05:09.670+05:00  INFO 129580 --- [main] o.hibernate.jpa.internal.util.LogHelper  : HHH000204: Processing PersistenceUnitInfo [name: default]
2024-06-06T20:05:09.741+05:00  INFO 129580 --- [main] org.hibernate.Version                    : HHH000412: Hibernate ORM core version 6.2.2.Final
2024-06-06T20:05:09.744+05:00  INFO 129580 --- [main] org.hibernate.cfg.Environment            : HHH000406: Using bytecode reflection optimizer
2024-06-06T20:05:09.889+05:00  INFO 129580 --- [main] o.h.e.boot.internal.EnversServiceImpl    : Envers integration enabled? : true
2024-06-06T20:05:09.910+05:00  INFO 129580 --- [main] o.h.b.i.BytecodeProviderInitiator        : HHH000021: Bytecode provider name : bytebuddy
2024-06-06T20:05:10.055+05:00  INFO 129580 --- [main] o.s.o.j.p.SpringPersistenceUnitInfo      : No LoadTimeWeaver setup: ignoring JPA class transformer
2024-06-06T20:05:10.119+05:00  INFO 129580 --- [main] org.hibernate.orm.dialect                : HHH035001: Using dialect: org.hibernate.dialect.H2Dialect, version: 2.1.214
2024-06-06T20:05:10.466+05:00  INFO 129580 --- [main] o.h.e.c.i.m.AuditMetadataGenerator       : Adding properties for entity: lepdv.todolistweb.entity.User
2024-06-06T20:05:10.481+05:00  INFO 129580 --- [main] o.h.e.c.i.m.AuditMetadataGenerator       : Adding properties for entity: lepdv.todolistweb.entity.Task
2024-06-06T20:05:10.543+05:00  INFO 129580 --- [main] o.h.b.i.BytecodeProviderInitiator        : HHH000021: Bytecode provider name : bytebuddy
2024-06-06T20:05:11.417+05:00  INFO 129580 --- [main] o.h.e.t.j.p.i.JtaPlatformInitiator       : HHH000490: Using JtaPlatform implementation: [org.hibernate.engine.transaction.jta.platform.internal.NoJtaPlatform]
2024-06-06T20:05:11.419+05:00  INFO 129580 --- [main] j.LocalContainerEntityManagerFactoryBean : Initialized JPA EntityManagerFactory for persistence unit 'default'
2024-06-06T20:05:12.547+05:00  INFO 129580 --- [main] o.s.s.web.DefaultSecurityFilterChain     : Will secure any request with [org.springframework.security.web.session.DisableEncodeUrlFilter@64a85df6, org.springframework.security.web.context.request.async.WebAsyncManagerIntegrationFilter@4ad10ef2, org.springframework.security.web.context.SecurityContextHolderFilter@649dfff8, org.springframework.security.web.header.HeaderWriterFilter@230c1ae9, org.springframework.security.web.csrf.CsrfFilter@1f735b9e, org.springframework.security.web.authentication.logout.LogoutFilter@6705573c, org.springframework.security.web.authentication.UsernamePasswordAuthenticationFilter@1ca503e8, org.springframework.security.web.savedrequest.RequestCacheAwareFilter@4d2f442e, org.springframework.security.web.servletapi.SecurityContextHolderAwareRequestFilter@7af66767, org.springframework.security.web.authentication.AnonymousAuthenticationFilter@589caa12, org.springframework.security.web.access.ExceptionTranslationFilter@5019fbcd, org.springframework.security.web.access.intercept.AuthorizationFilter@d22d7ba]
2024-06-06T20:05:12.852+05:00  INFO 129580 --- [main] l.t.integration.service.AdminServiceIT   : Started AdminServiceIT in 5.998 seconds (process running for 7.576)
2024-06-06T20:05:13.871+05:00  INFO 129580 --- [main] lepdv.todolistweb.service.AdminService   : User id=2 was locked
2024-06-06T20:05:14.033+05:00  INFO 129580 --- [main] lepdv.todolistweb.service.AdminService   : User id=2 was deleted
2024-06-06T20:05:14.171+05:00  INFO 129580 --- [main] lepdv.todolistweb.service.AdminService   : User id=2 was locked
2024-06-06T20:05:14.172+05:00  INFO 129580 --- [main] lepdv.todolistweb.service.AdminService   : User id=2 was unlocked
2024-06-06T20:05:14.225+05:00  INFO 129580 --- [main] t.c.s.AnnotationConfigContextLoaderUtils : Could not detect default configuration classes for test class [lepdv.todolistweb.integration.service.UserServiceIT]: UserServiceIT does not declare any static, non-private, non-final, nested classes annotated with @Configuration.
2024-06-06T20:05:14.228+05:00  INFO 129580 --- [main] .b.t.c.SpringBootTestContextBootstrapper : Found @SpringBootConfiguration lepdv.todolistweb.TodolistWebApplication for test class lepdv.todolistweb.integration.service.UserServiceIT
2024-06-06T20:05:14.339+05:00  INFO 129580 --- [main] lepdv.todolistweb.service.UserService    : User id=2 password was edited
2024-06-06T20:05:14.434+05:00  INFO 129580 --- [main] lepdv.todolistweb.service.ImageService   : Image=lock.png was uploaded
2024-06-06T20:05:14.438+05:00  INFO 129580 --- [main] lepdv.todolistweb.service.UserService    : User id=2 was updated
2024-06-06T20:05:14.539+05:00  INFO 129580 --- [main] lepdv.todolistweb.service.UserService    : User id=2 was deleted
2024-06-06T20:05:14.558+05:00  INFO 129580 --- [main] lepdv.todolistweb.service.ImageService   : Image=lock.png was uploaded
2024-06-06T20:05:14.642+05:00  INFO 129580 --- [main] lepdv.todolistweb.service.UserService    : New user was registered id=4, username=Petr
2024-06-06T20:05:14.670+05:00  INFO 129580 --- [main] t.c.s.AnnotationConfigContextLoaderUtils : Could not detect default configuration classes for test class [lepdv.todolistweb.integration.service.TaskServiceIT]: TaskServiceIT does not declare any static, non-private, non-final, nested classes annotated with @Configuration.
2024-06-06T20:05:14.673+05:00  INFO 129580 --- [main] .b.t.c.SpringBootTestContextBootstrapper : Found @SpringBootConfiguration lepdv.todolistweb.TodolistWebApplication for test class lepdv.todolistweb.integration.service.TaskServiceIT
2024-06-06T20:05:14.715+05:00  INFO 129580 --- [main] lepdv.todolistweb.service.TaskService    : Task id=1 was marked as completed
2024-06-06T20:05:14.762+05:00  INFO 129580 --- [main] lepdv.todolistweb.service.TaskService    : Task id=1 was updated
2024-06-06T20:05:14.803+05:00  INFO 129580 --- [main] lepdv.todolistweb.service.TaskService    : New task was created id=7
2024-06-06T20:05:14.964+05:00  INFO 129580 --- [main] lepdv.todolistweb.service.TaskService    : Task id=1 was deleted
2024-06-06T20:05:14.968+05:00  INFO 129580 --- [main] t.c.s.AnnotationConfigContextLoaderUtils : Could not detect default configuration classes for test class [lepdv.todolistweb.integration.util.AuthUserIT]: AuthUserIT does not declare any static, non-private, non-final, nested classes annotated with @Configuration.
2024-06-06T20:05:14.979+05:00  INFO 129580 --- [main] .b.t.c.SpringBootTestContextBootstrapper : Found @SpringBootConfiguration lepdv.todolistweb.TodolistWebApplication for test class lepdv.todolistweb.integration.util.AuthUserIT
2024-06-06T20:05:14.988+05:00  INFO 129580 --- [main] t.c.s.AnnotationConfigContextLoaderUtils : Could not detect default configuration classes for test class [lepdv.todolistweb.integration.repository.FilterUserRepositoryImplIT]: FilterUserRepositoryImplIT does not declare any static, non-private, non-final, nested classes annotated with @Configuration.
2024-06-06T20:05:14.997+05:00  INFO 129580 --- [main] .b.t.c.SpringBootTestContextBootstrapper : Found @SpringBootConfiguration lepdv.todolistweb.TodolistWebApplication for test class lepdv.todolistweb.integration.repository.FilterUserRepositoryImplIT
2024-06-06T20:05:15.025+05:00  INFO 129580 --- [main] t.c.s.AnnotationConfigContextLoaderUtils : Could not detect default configuration classes for test class [lepdv.todolistweb.integration.repository.FilterTaskRepositoryImplIT]: FilterTaskRepositoryImplIT does not declare any static, non-private, non-final, nested classes annotated with @Configuration.
2024-06-06T20:05:15.028+05:00  INFO 129580 --- [main] .b.t.c.SpringBootTestContextBootstrapper : Found @SpringBootConfiguration lepdv.todolistweb.TodolistWebApplication for test class lepdv.todolistweb.integration.repository.FilterTaskRepositoryImplIT
2024-06-06T20:05:15.113+05:00  INFO 129580 --- [main] t.c.s.AnnotationConfigContextLoaderUtils : Could not detect default configuration classes for test class [lepdv.todolistweb.integration.controller.AuthControllerIT]: AuthControllerIT does not declare any static, non-private, non-final, nested classes annotated with @Configuration.
2024-06-06T20:05:15.125+05:00  INFO 129580 --- [main] .b.t.c.SpringBootTestContextBootstrapper : Found @SpringBootConfiguration lepdv.todolistweb.TodolistWebApplication for test class lepdv.todolistweb.integration.controller.AuthControllerIT
2024-06-06T20:05:15.145+05:00  INFO 129580 --- [main] l.t.i.controller.AuthControllerIT        : Starting AuthControllerIT using Java 17.0.11 with PID 129580 (started by userpc in /home/userpc/IdeaProjects/PET/maven/todolist-web)
2024-06-06T20:05:15.146+05:00  INFO 129580 --- [main] l.t.i.controller.AuthControllerIT        : The following 1 profile is active: "test"
2024-06-06T20:05:15.239+05:00  INFO 129580 --- [main] .s.d.r.c.RepositoryConfigurationDelegate : Bootstrapping Spring Data JPA repositories in DEFAULT mode.
2024-06-06T20:05:15.249+05:00  INFO 129580 --- [main] .s.d.r.c.RepositoryConfigurationDelegate : Finished Spring Data repository scanning in 9 ms. Found 2 JPA repository interfaces.
2024-06-06T20:05:15.338+05:00  INFO 129580 --- [main] com.zaxxer.hikari.HikariDataSource       : HikariPool-2 - Starting...
2024-06-06T20:05:15.339+05:00  INFO 129580 --- [main] com.zaxxer.hikari.pool.HikariPool        : HikariPool-2 - Added connection conn10: url=jdbc:h2:mem:test user=TEST
2024-06-06T20:05:15.339+05:00  INFO 129580 --- [main] com.zaxxer.hikari.HikariDataSource       : HikariPool-2 - Start completed.
2024-06-06T20:05:15.340+05:00  INFO 129580 --- [main] liquibase.database                       : Set default schema name to public
2024-06-06T20:05:15.347+05:00  INFO 129580 --- [main] liquibase.changelog                      : Reading from public.DATABASECHANGELOG
2024-06-06T20:05:15.348+05:00  INFO 129580 --- [main] liquibase.executor                       : Changelog query completed.
2024-06-06T20:05:15.369+05:00  INFO 129580 --- [main] o.hibernate.jpa.internal.util.LogHelper  : HHH000204: Processing PersistenceUnitInfo [name: default]
2024-06-06T20:05:15.376+05:00  INFO 129580 --- [main] o.h.e.boot.internal.EnversServiceImpl    : Envers integration enabled? : true
2024-06-06T20:05:15.377+05:00  INFO 129580 --- [main] o.h.b.i.BytecodeProviderInitiator        : HHH000021: Bytecode provider name : bytebuddy
2024-06-06T20:05:15.377+05:00  INFO 129580 --- [main] o.s.o.j.p.SpringPersistenceUnitInfo      : No LoadTimeWeaver setup: ignoring JPA class transformer
2024-06-06T20:05:15.378+05:00  INFO 129580 --- [main] org.hibernate.orm.dialect                : HHH035001: Using dialect: org.hibernate.dialect.H2Dialect, version: 2.1.214
2024-06-06T20:05:15.395+05:00  INFO 129580 --- [main] o.h.e.c.i.m.AuditMetadataGenerator       : Adding properties for entity: lepdv.todolistweb.entity.User
2024-06-06T20:05:15.396+05:00  INFO 129580 --- [main] o.h.e.c.i.m.AuditMetadataGenerator       : Adding properties for entity: lepdv.todolistweb.entity.Task
2024-06-06T20:05:15.400+05:00  INFO 129580 --- [main] o.h.b.i.BytecodeProviderInitiator        : HHH000021: Bytecode provider name : bytebuddy
2024-06-06T20:05:15.490+05:00  INFO 129580 --- [main] o.h.e.t.j.p.i.JtaPlatformInitiator       : HHH000490: Using JtaPlatform implementation: [org.hibernate.engine.transaction.jta.platform.internal.NoJtaPlatform]
2024-06-06T20:05:15.490+05:00  INFO 129580 --- [main] j.LocalContainerEntityManagerFactoryBean : Initialized JPA EntityManagerFactory for persistence unit 'default'
2024-06-06T20:05:15.721+05:00  INFO 129580 --- [main] o.s.s.web.DefaultSecurityFilterChain     : Will secure any request with [org.springframework.security.web.session.DisableEncodeUrlFilter@4ecbe57d, org.springframework.security.web.context.request.async.WebAsyncManagerIntegrationFilter@7bc08b02, org.springframework.security.web.context.SecurityContextHolderFilter@2eff2960, org.springframework.security.web.header.HeaderWriterFilter@26fae621, org.springframework.security.web.csrf.CsrfFilter@3cb67d62, org.springframework.security.web.authentication.logout.LogoutFilter@55b4eff5, org.springframework.security.web.authentication.UsernamePasswordAuthenticationFilter@3cf27e51, org.springframework.security.web.savedrequest.RequestCacheAwareFilter@212d0cb0, org.springframework.security.web.servletapi.SecurityContextHolderAwareRequestFilter@73ed5944, org.springframework.security.web.authentication.AnonymousAuthenticationFilter@25f32572, org.springframework.security.web.access.ExceptionTranslationFilter@a5312, org.springframework.security.web.access.intercept.AuthorizationFilter@58b7cd4]
2024-06-06T20:05:15.812+05:00  INFO 129580 --- [main] o.s.b.t.m.w.SpringBootMockServletContext : Initializing Spring TestDispatcherServlet ''
2024-06-06T20:05:15.812+05:00  INFO 129580 --- [main] o.s.t.web.servlet.TestDispatcherServlet  : Initializing Servlet ''
2024-06-06T20:05:15.813+05:00  INFO 129580 --- [main] o.s.t.web.servlet.TestDispatcherServlet  : Completed initialization in 1 ms
2024-06-06T20:05:15.820+05:00  INFO 129580 --- [main] l.t.i.controller.AuthControllerIT        : Started AuthControllerIT in 0.691 seconds (process running for 10.544)
2024-06-06T20:05:16.276+05:00  INFO 129580 --- [main] lepdv.todolistweb.service.ImageService   : Image=lock.png was uploaded
2024-06-06T20:05:16.356+05:00  INFO 129580 --- [main] lepdv.todolistweb.service.UserService    : New user was registered id=4, username=Petr
2024-06-06T20:05:16.379+05:00  INFO 129580 --- [main] t.c.s.AnnotationConfigContextLoaderUtils : Could not detect default configuration classes for test class [lepdv.todolistweb.integration.controller.UserControllerIT]: UserControllerIT does not declare any static, non-private, non-final, nested classes annotated with @Configuration.
2024-06-06T20:05:16.382+05:00  INFO 129580 --- [main] .b.t.c.SpringBootTestContextBootstrapper : Found @SpringBootConfiguration lepdv.todolistweb.TodolistWebApplication for test class lepdv.todolistweb.integration.controller.UserControllerIT
2024-06-06T20:05:16.516+05:00  INFO 129580 --- [main] lepdv.todolistweb.service.UserService    : User id=2 password was edited
2024-06-06T20:05:16.566+05:00  INFO 129580 --- [main] lepdv.todolistweb.service.UserService    : User id=2 was deleted
2024-06-06T20:05:16.857+05:00  INFO 129580 --- [main] lepdv.todolistweb.service.ImageService   : Image=lock.png was uploaded
2024-06-06T20:05:16.857+05:00  INFO 129580 --- [main] lepdv.todolistweb.service.UserService    : User id=2 was updated
2024-06-06T20:05:17.049+05:00  INFO 129580 --- [main] t.c.s.AnnotationConfigContextLoaderUtils : Could not detect default configuration classes for test class [lepdv.todolistweb.integration.controller.StartControllerIT]: StartControllerIT does not declare any static, non-private, non-final, nested classes annotated with @Configuration.
2024-06-06T20:05:17.052+05:00  INFO 129580 --- [main] .b.t.c.SpringBootTestContextBootstrapper : Found @SpringBootConfiguration lepdv.todolistweb.TodolistWebApplication for test class lepdv.todolistweb.integration.controller.StartControllerIT
2024-06-06T20:05:17.066+05:00  INFO 129580 --- [main] t.c.s.AnnotationConfigContextLoaderUtils : Could not detect default configuration classes for test class [lepdv.todolistweb.integration.controller.AdminControllerIT]: AdminControllerIT does not declare any static, non-private, non-final, nested classes annotated with @Configuration.
2024-06-06T20:05:17.069+05:00  INFO 129580 --- [main] .b.t.c.SpringBootTestContextBootstrapper : Found @SpringBootConfiguration lepdv.todolistweb.TodolistWebApplication for test class lepdv.todolistweb.integration.controller.AdminControllerIT
2024-06-06T20:05:17.125+05:00  INFO 129580 --- [main] lepdv.todolistweb.service.AdminService   : User id=2 was locked
2024-06-06T20:05:17.395+05:00  INFO 129580 --- [main] lepdv.todolistweb.service.AdminService   : User id=2 was deleted
2024-06-06T20:05:17.402+05:00  INFO 129580 --- [main] lepdv.todolistweb.service.AdminService   : User id=2 was unlocked
2024-06-06T20:05:17.406+05:00  INFO 129580 --- [main] t.c.s.AnnotationConfigContextLoaderUtils : Could not detect default configuration classes for test class [lepdv.todolistweb.integration.controller.TaskControllerIT]: TaskControllerIT does not declare any static, non-private, non-final, nested classes annotated with @Configuration.
2024-06-06T20:05:17.409+05:00  INFO 129580 --- [main] .b.t.c.SpringBootTestContextBootstrapper : Found @SpringBootConfiguration lepdv.todolistweb.TodolistWebApplication for test class lepdv.todolistweb.integration.controller.TaskControllerIT
2024-06-06T20:05:17.420+05:00  INFO 129580 --- [main] lepdv.todolistweb.service.TaskService    : Task id=1 was marked as completed
2024-06-06T20:05:17.449+05:00  INFO 129580 --- [main] lepdv.todolistweb.service.TaskService    : Task id=1 was updated
2024-06-06T20:05:17.494+05:00  INFO 129580 --- [main] lepdv.todolistweb.service.TaskService    : Task id=1 was deleted
2024-06-06T20:05:17.521+05:00  INFO 129580 --- [main] lepdv.todolistweb.service.TaskService    : New task was created id=7
2024-06-06T20:05:17.582+05:00  INFO 129580 --- [SpringApplicationShutdownHook] j.LocalContainerEntityManagerFactoryBean : Closing JPA EntityManagerFactory for persistence unit 'default'
2024-06-06T20:05:17.786+05:00  INFO 129580 --- [SpringApplicationShutdownHook] com.zaxxer.hikari.HikariDataSource       : HikariPool-1 - Shutdown initiated...
2024-06-06T20:05:17.788+05:00  INFO 129580 --- [SpringApplicationShutdownHook] com.zaxxer.hikari.HikariDataSource       : HikariPool-1 - Shutdown completed.
2024-06-06T20:05:17.792+05:00  INFO 129580 --- [SpringApplicationShutdownHook] j.LocalContainerEntityManagerFactoryBean : Closing JPA EntityManagerFactory for persistence unit 'default'
2024-06-06T20:05:17.793+05:00  INFO 129580 --- [SpringApplicationShutdownHook] com.zaxxer.hikari.HikariDataSource       : HikariPool-2 - Shutdown initiated...
2024-06-06T20:05:17.794+05:00  INFO 129580 --- [SpringApplicationShutdownHook] com.zaxxer.hikari.HikariDataSource       : HikariPool-2 - Shutdown completed.
2024-06-06T20:05:57.973+05:00  INFO 129905 --- [main] l.t.integration.service.TaskServiceIT    : Starting TaskServiceIT using Java 17.0.11 with PID 129905 (started by userpc in /home/userpc/IdeaProjects/PET/maven/todolist-web)
2024-06-06T20:05:57.974+05:00  INFO 129905 --- [main] l.t.integration.service.TaskServiceIT    : The following 1 profile is active: "test"
2024-06-06T20:05:58.328+05:00  INFO 129905 --- [main] .s.d.r.c.RepositoryConfigurationDelegate : Bootstrapping Spring Data JPA repositories in DEFAULT mode.
2024-06-06T20:05:58.368+05:00  INFO 129905 --- [main] .s.d.r.c.RepositoryConfigurationDelegate : Finished Spring Data repository scanning in 35 ms. Found 2 JPA repository interfaces.
2024-06-06T20:05:58.856+05:00  INFO 129905 --- [main] com.zaxxer.hikari.HikariDataSource       : HikariPool-1 - Starting...
2024-06-06T20:05:59.002+05:00  INFO 129905 --- [main] com.zaxxer.hikari.pool.HikariPool        : HikariPool-1 - Added connection conn0: url=jdbc:h2:mem:test user=TEST
2024-06-06T20:05:59.003+05:00  INFO 129905 --- [main] com.zaxxer.hikari.HikariDataSource       : HikariPool-1 - Start completed.
2024-06-06T20:05:59.045+05:00  INFO 129905 --- [main] liquibase.database                       : Set default schema name to public
2024-06-06T20:05:59.214+05:00  INFO 129905 --- [main] liquibase.executor                       : Changelog query completed.
2024-06-06T20:05:59.217+05:00  INFO 129905 --- [main] liquibase.executor                       : Changelog query completed.
2024-06-06T20:05:59.221+05:00  INFO 129905 --- [main] liquibase.executor                       : Changelog query completed.
2024-06-06T20:05:59.224+05:00  INFO 129905 --- [main] liquibase.executor                       : Changelog query completed.
2024-06-06T20:05:59.228+05:00  INFO 129905 --- [main] liquibase.executor                       : Changelog query completed.
2024-06-06T20:05:59.228+05:00  INFO 129905 --- [main] liquibase.lockservice                    : Successfully acquired change log lock
2024-06-06T20:05:59.236+05:00  INFO 129905 --- [main] liquibase.changelog                      : Creating database history table with name: public.DATABASECHANGELOG
2024-06-06T20:05:59.241+05:00  INFO 129905 --- [main] liquibase.executor                       : Changelog query completed.
2024-06-06T20:05:59.241+05:00  INFO 129905 --- [main] liquibase.changelog                      : Reading from public.DATABASECHANGELOG
2024-06-06T20:05:59.243+05:00  INFO 129905 --- [main] liquibase.executor                       : Changelog query completed.
2024-06-06T20:05:59.244+05:00  INFO 129905 --- [main] liquibase.executor                       : Changelog query completed.
2024-06-06T20:05:59.282+05:00  INFO 129905 --- [main] liquibase.changelog                      : Custom SQL executed
2024-06-06T20:05:59.283+05:00  INFO 129905 --- [main] liquibase.changelog                      : ChangeSet db/changelog/db.changelog-1.0.sql::1::lepdv ran successfully in 12ms
2024-06-06T20:05:59.286+05:00  INFO 129905 --- [main] liquibase.executor                       : Changelog query completed.
2024-06-06T20:05:59.287+05:00  INFO 129905 --- [main] liquibase.executor                       : Changelog query completed.
2024-06-06T20:05:59.292+05:00  INFO 129905 --- [main] liquibase.changelog                      : Custom SQL executed
2024-06-06T20:05:59.293+05:00  INFO 129905 --- [main] liquibase.changelog                      : ChangeSet db/changelog/db.changelog-1.0.sql::2::lepdv ran successfully in 4ms
2024-06-06T20:05:59.294+05:00  INFO 129905 --- [main] liquibase.executor                       : Changelog query completed.
2024-06-06T20:05:59.297+05:00  INFO 129905 --- [main] liquibase.changelog                      : Custom SQL executed
2024-06-06T20:05:59.298+05:00  INFO 129905 --- [main] liquibase.changelog                      : ChangeSet db/changelog/db.changelog-1.0.sql::3::lepdv ran successfully in 2ms
2024-06-06T20:05:59.299+05:00  INFO 129905 --- [main] liquibase.executor                       : Changelog query completed.
2024-06-06T20:05:59.305+05:00  INFO 129905 --- [main] liquibase.changelog                      : Custom SQL executed
2024-06-06T20:05:59.306+05:00  INFO 129905 --- [main] liquibase.changelog                      : ChangeSet db/changelog/db.changelog-1.0.sql::4::lepdv ran successfully in 5ms
2024-06-06T20:05:59.307+05:00  INFO 129905 --- [main] liquibase.executor                       : Changelog query completed.
2024-06-06T20:05:59.311+05:00  INFO 129905 --- [main] liquibase.changelog                      : Custom SQL executed
2024-06-06T20:05:59.311+05:00  INFO 129905 --- [main] liquibase.changelog                      : ChangeSet db/changelog/db.changelog-1.0.sql::5::lepdv ran successfully in 4ms
2024-06-06T20:05:59.312+05:00  INFO 129905 --- [main] liquibase.executor                       : Changelog query completed.
2024-06-06T20:05:59.317+05:00  INFO 129905 --- [main] liquibase.changelog                      : Custom SQL executed
2024-06-06T20:05:59.318+05:00  INFO 129905 --- [main] liquibase.changelog                      : ChangeSet db/changelog/db.changelog-2.0.sql::1::lepdv ran successfully in 4ms
2024-06-06T20:05:59.319+05:00  INFO 129905 --- [main] liquibase.executor                       : Changelog query completed.
2024-06-06T20:05:59.326+05:00  INFO 129905 --- [main] liquibase.changelog                      : Custom SQL executed
2024-06-06T20:05:59.327+05:00  INFO 129905 --- [main] liquibase.changelog                      : ChangeSet db/changelog/db.changelog-2.0.sql::2::lepdv ran successfully in 7ms
2024-06-06T20:05:59.328+05:00  INFO 129905 --- [main] liquibase.executor                       : Changelog query completed.
2024-06-06T20:05:59.328+05:00  INFO 129905 --- [main] liquibase                                : Update command completed successfully.
2024-06-06T20:05:59.330+05:00  INFO 129905 --- [main] liquibase.executor                       : Changelog query completed.
2024-06-06T20:05:59.330+05:00  INFO 129905 --- [main] liquibase.lockservice                    : Successfully released change log lock
2024-06-06T20:05:59.398+05:00  INFO 129905 --- [main] o.hibernate.jpa.internal.util.LogHelper  : HHH000204: Processing PersistenceUnitInfo [name: default]
2024-06-06T20:05:59.438+05:00  INFO 129905 --- [main] org.hibernate.Version                    : HHH000412: Hibernate ORM core version 6.2.2.Final
2024-06-06T20:05:59.439+05:00  INFO 129905 --- [main] org.hibernate.cfg.Environment            : HHH000406: Using bytecode reflection optimizer
2024-06-06T20:05:59.512+05:00  INFO 129905 --- [main] o.h.e.boot.internal.EnversServiceImpl    : Envers integration enabled? : true
2024-06-06T20:05:59.525+05:00  INFO 129905 --- [main] o.h.b.i.BytecodeProviderInitiator        : HHH000021: Bytecode provider name : bytebuddy
2024-06-06T20:05:59.531+05:00  INFO 129905 --- [main] o.s.o.j.p.SpringPersistenceUnitInfo      : No LoadTimeWeaver setup: ignoring JPA class transformer
2024-06-06T20:05:59.560+05:00  INFO 129905 --- [main] org.hibernate.orm.dialect                : HHH035001: Using dialect: org.hibernate.dialect.H2Dialect, version: 2.1.214
2024-06-06T20:05:59.722+05:00  INFO 129905 --- [main] o.h.e.c.i.m.AuditMetadataGenerator       : Adding properties for entity: lepdv.todolistweb.entity.User
2024-06-06T20:05:59.723+05:00  INFO 129905 --- [main] o.h.e.c.i.m.AuditMetadataGenerator       : Adding properties for entity: lepdv.todolistweb.entity.Task
2024-06-06T20:05:59.772+05:00  INFO 129905 --- [main] o.h.b.i.BytecodeProviderInitiator        : HHH000021: Bytecode provider name : bytebuddy
2024-06-06T20:06:00.174+05:00  INFO 129905 --- [main] o.h.e.t.j.p.i.JtaPlatformInitiator       : HHH000490: Using JtaPlatform implementation: [org.hibernate.engine.transaction.jta.platform.internal.NoJtaPlatform]
2024-06-06T20:06:00.176+05:00  INFO 129905 --- [main] j.LocalContainerEntityManagerFactoryBean : Initialized JPA EntityManagerFactory for persistence unit 'default'
2024-06-06T20:06:01.061+05:00  INFO 129905 --- [main] o.s.s.web.DefaultSecurityFilterChain     : Will secure any request with [org.springframework.security.web.session.DisableEncodeUrlFilter@3237522b, org.springframework.security.web.context.request.async.WebAsyncManagerIntegrationFilter@73ffe7b0, org.springframework.security.web.context.SecurityContextHolderFilter@67599bae, org.springframework.security.web.header.HeaderWriterFilter@3b256d50, org.springframework.security.web.csrf.CsrfFilter@7d6f094e, org.springframework.security.web.authentication.logout.LogoutFilter@4447c594, org.springframework.security.web.authentication.UsernamePasswordAuthenticationFilter@35f79e6d, org.springframework.security.web.savedrequest.RequestCacheAwareFilter@7887e1f3, org.springframework.security.web.servletapi.SecurityContextHolderAwareRequestFilter@199d1fb7, org.springframework.security.web.authentication.AnonymousAuthenticationFilter@60dd53e9, org.springframework.security.web.access.ExceptionTranslationFilter@118932fe, org.springframework.security.web.access.intercept.AuthorizationFilter@7c4663ec]
2024-06-06T20:06:01.336+05:00  INFO 129905 --- [main] l.t.integration.service.TaskServiceIT    : Started TaskServiceIT in 3.563 seconds (process running for 5.515)
2024-06-06T20:06:01.720+05:00  INFO 129905 --- [main] lepdv.todolistweb.service.TaskService    : Task id=1 was marked as completed
2024-06-06T20:06:01.832+05:00  INFO 129905 --- [main] lepdv.todolistweb.service.TaskService    : Task id=1 was updated
2024-06-06T20:06:01.910+05:00  INFO 129905 --- [main] lepdv.todolistweb.service.TaskService    : New task was created id=7
2024-06-06T20:06:02.039+05:00  INFO 129905 --- [main] lepdv.todolistweb.service.TaskService    : Task id=1 was deleted
2024-06-06T20:06:02.046+05:00  INFO 129905 --- [main] t.c.s.AnnotationConfigContextLoaderUtils : Could not detect default configuration classes for test class [lepdv.todolistweb.integration.controller.AuthControllerIT]: AuthControllerIT does not declare any static, non-private, non-final, nested classes annotated with @Configuration.
2024-06-06T20:06:02.061+05:00  INFO 129905 --- [main] .b.t.c.SpringBootTestContextBootstrapper : Found @SpringBootConfiguration lepdv.todolistweb.TodolistWebApplication for test class lepdv.todolistweb.integration.controller.AuthControllerIT
2024-06-06T20:06:02.084+05:00  INFO 129905 --- [main] l.t.i.controller.AuthControllerIT        : Starting AuthControllerIT using Java 17.0.11 with PID 129905 (started by userpc in /home/userpc/IdeaProjects/PET/maven/todolist-web)
2024-06-06T20:06:02.085+05:00  INFO 129905 --- [main] l.t.i.controller.AuthControllerIT        : The following 1 profile is active: "test"
2024-06-06T20:06:02.195+05:00  INFO 129905 --- [main] .s.d.r.c.RepositoryConfigurationDelegate : Bootstrapping Spring Data JPA repositories in DEFAULT mode.
2024-06-06T20:06:02.205+05:00  INFO 129905 --- [main] .s.d.r.c.RepositoryConfigurationDelegate : Finished Spring Data repository scanning in 10 ms. Found 2 JPA repository interfaces.
2024-06-06T20:06:02.310+05:00  INFO 129905 --- [main] com.zaxxer.hikari.HikariDataSource       : HikariPool-2 - Starting...
2024-06-06T20:06:02.311+05:00  INFO 129905 --- [main] com.zaxxer.hikari.pool.HikariPool        : HikariPool-2 - Added connection conn10: url=jdbc:h2:mem:test user=TEST
2024-06-06T20:06:02.312+05:00  INFO 129905 --- [main] com.zaxxer.hikari.HikariDataSource       : HikariPool-2 - Start completed.
2024-06-06T20:06:02.313+05:00  INFO 129905 --- [main] liquibase.database                       : Set default schema name to public
2024-06-06T20:06:02.321+05:00  INFO 129905 --- [main] liquibase.changelog                      : Reading from public.DATABASECHANGELOG
2024-06-06T20:06:02.323+05:00  INFO 129905 --- [main] liquibase.executor                       : Changelog query completed.
2024-06-06T20:06:02.352+05:00  INFO 129905 --- [main] o.hibernate.jpa.internal.util.LogHelper  : HHH000204: Processing PersistenceUnitInfo [name: default]
2024-06-06T20:06:02.360+05:00  INFO 129905 --- [main] o.h.e.boot.internal.EnversServiceImpl    : Envers integration enabled? : true
2024-06-06T20:06:02.360+05:00  INFO 129905 --- [main] o.h.b.i.BytecodeProviderInitiator        : HHH000021: Bytecode provider name : bytebuddy
2024-06-06T20:06:02.361+05:00  INFO 129905 --- [main] o.s.o.j.p.SpringPersistenceUnitInfo      : No LoadTimeWeaver setup: ignoring JPA class transformer
2024-06-06T20:06:02.361+05:00  INFO 129905 --- [main] org.hibernate.orm.dialect                : HHH035001: Using dialect: org.hibernate.dialect.H2Dialect, version: 2.1.214
2024-06-06T20:06:02.377+05:00  INFO 129905 --- [main] o.h.e.c.i.m.AuditMetadataGenerator       : Adding properties for entity: lepdv.todolistweb.entity.User
2024-06-06T20:06:02.378+05:00  INFO 129905 --- [main] o.h.e.c.i.m.AuditMetadataGenerator       : Adding properties for entity: lepdv.todolistweb.entity.Task
2024-06-06T20:06:02.382+05:00  INFO 129905 --- [main] o.h.b.i.BytecodeProviderInitiator        : HHH000021: Bytecode provider name : bytebuddy
2024-06-06T20:06:02.462+05:00  INFO 129905 --- [main] o.h.e.t.j.p.i.JtaPlatformInitiator       : HHH000490: Using JtaPlatform implementation: [org.hibernate.engine.transaction.jta.platform.internal.NoJtaPlatform]
2024-06-06T20:06:02.462+05:00  INFO 129905 --- [main] j.LocalContainerEntityManagerFactoryBean : Initialized JPA EntityManagerFactory for persistence unit 'default'
2024-06-06T20:06:02.688+05:00  INFO 129905 --- [main] o.s.s.web.DefaultSecurityFilterChain     : Will secure any request with [org.springframework.security.web.session.DisableEncodeUrlFilter@6a39c005, org.springframework.security.web.context.request.async.WebAsyncManagerIntegrationFilter@45a9dc8e, org.springframework.security.web.context.SecurityContextHolderFilter@4a35f473, org.springframework.security.web.header.HeaderWriterFilter@912756d, org.springframework.security.web.csrf.CsrfFilter@47a246ec, org.springframework.security.web.authentication.logout.LogoutFilter@7f7b15d4, org.springframework.security.web.authentication.UsernamePasswordAuthenticationFilter@4d4bb9cd, org.springframework.security.web.savedrequest.RequestCacheAwareFilter@1ff55eff, org.springframework.security.web.servletapi.SecurityContextHolderAwareRequestFilter@ab58ff, org.springframework.security.web.authentication.AnonymousAuthenticationFilter@6cb2e94, org.springframework.security.web.access.ExceptionTranslationFilter@3f6404aa, org.springframework.security.web.access.intercept.AuthorizationFilter@10fa7b74]
2024-06-06T20:06:02.798+05:00  INFO 129905 --- [main] o.s.b.t.m.w.SpringBootMockServletContext : Initializing Spring TestDispatcherServlet ''
2024-06-06T20:06:02.798+05:00  INFO 129905 --- [main] o.s.t.web.servlet.TestDispatcherServlet  : Initializing Servlet ''
2024-06-06T20:06:02.799+05:00  INFO 129905 --- [main] o.s.t.web.servlet.TestDispatcherServlet  : Completed initialization in 1 ms
2024-06-06T20:06:02.807+05:00  INFO 129905 --- [main] l.t.i.controller.AuthControllerIT        : Started AuthControllerIT in 0.742 seconds (process running for 6.986)
2024-06-06T20:06:03.205+05:00  INFO 129905 --- [main] lepdv.todolistweb.service.ImageService   : Image=lock.png was uploaded
2024-06-06T20:06:03.307+05:00  INFO 129905 --- [main] lepdv.todolistweb.service.UserService    : New user was registered id=4, username=Petr
2024-06-06T20:06:03.325+05:00  INFO 129905 --- [main] t.c.s.AnnotationConfigContextLoaderUtils : Could not detect default configuration classes for test class [lepdv.todolistweb.integration.repository.FilterUserRepositoryImplIT]: FilterUserRepositoryImplIT does not declare any static, non-private, non-final, nested classes annotated with @Configuration.
2024-06-06T20:06:03.332+05:00  INFO 129905 --- [main] .b.t.c.SpringBootTestContextBootstrapper : Found @SpringBootConfiguration lepdv.todolistweb.TodolistWebApplication for test class lepdv.todolistweb.integration.repository.FilterUserRepositoryImplIT
2024-06-06T20:06:03.627+05:00  INFO 129905 --- [main] lepdv.todolistweb.service.UserService    : User id=2 password was edited
2024-06-06T20:06:03.637+05:00  INFO 129905 --- [main] lepdv.todolistweb.service.UserService    : User id=2 was updated
2024-06-06T20:06:03.651+05:00  INFO 129905 --- [main] lepdv.todolistweb.service.UserService    : User id=2 was deleted
2024-06-06T20:06:03.659+05:00  INFO 129905 --- [main] lepdv.todolistweb.service.UserService    : New user was registered id=4, username=Petr
2024-06-06T20:06:03.668+05:00  INFO 129905 --- [main] t.c.s.AnnotationConfigContextLoaderUtils : Could not detect default configuration classes for test class [lepdv.todolistweb.integration.repository.FilterTaskRepositoryImplIT]: FilterTaskRepositoryImplIT does not declare any static, non-private, non-final, nested classes annotated with @Configuration.
2024-06-06T20:06:03.671+05:00  INFO 129905 --- [main] .b.t.c.SpringBootTestContextBootstrapper : Found @SpringBootConfiguration lepdv.todolistweb.TodolistWebApplication for test class lepdv.todolistweb.integration.repository.FilterTaskRepositoryImplIT
2024-06-06T20:06:03.777+05:00  INFO 129905 --- [main] t.c.s.AnnotationConfigContextLoaderUtils : Could not detect default configuration classes for test class [lepdv.todolistweb.integration.util.AuthUserIT]: AuthUserIT does not declare any static, non-private, non-final, nested classes annotated with @Configuration.
2024-06-06T20:06:03.783+05:00  INFO 129905 --- [main] .b.t.c.SpringBootTestContextBootstrapper : Found @SpringBootConfiguration lepdv.todolistweb.TodolistWebApplication for test class lepdv.todolistweb.integration.util.AuthUserIT
2024-06-06T20:06:03.861+05:00  INFO 129905 --- [main] lepdv.todolistweb.service.TaskService    : Task id=1 was updated
2024-06-06T20:06:03.865+05:00  INFO 129905 --- [main] lepdv.todolistweb.service.TaskService    : New task was created id=1
2024-06-06T20:06:03.871+05:00  INFO 129905 --- [main] lepdv.todolistweb.service.TaskService    : Task id=1 was marked as completed
2024-06-06T20:06:03.872+05:00  INFO 129905 --- [main] lepdv.todolistweb.service.TaskService    : Task id=1 was deleted
2024-06-06T20:06:03.875+05:00  INFO 129905 --- [main] t.c.s.AnnotationConfigContextLoaderUtils : Could not detect default configuration classes for test class [lepdv.todolistweb.integration.controller.UserControllerIT]: UserControllerIT does not declare any static, non-private, non-final, nested classes annotated with @Configuration.
2024-06-06T20:06:03.879+05:00  INFO 129905 --- [main] .b.t.c.SpringBootTestContextBootstrapper : Found @SpringBootConfiguration lepdv.todolistweb.TodolistWebApplication for test class lepdv.todolistweb.integration.controller.UserControllerIT
2024-06-06T20:06:04.019+05:00  INFO 129905 --- [main] lepdv.todolistweb.service.UserService    : User id=2 password was edited
2024-06-06T20:06:04.057+05:00  INFO 129905 --- [main] lepdv.todolistweb.service.UserService    : User id=2 was deleted
2024-06-06T20:06:04.344+05:00  INFO 129905 --- [main] lepdv.todolistweb.service.ImageService   : Image=lock.png was uploaded
2024-06-06T20:06:04.345+05:00  INFO 129905 --- [main] lepdv.todolistweb.service.UserService    : User id=2 was updated
2024-06-06T20:06:04.544+05:00  INFO 129905 --- [main] lepdv.todolistweb.service.AdminService   : User id=2 was locked
2024-06-06T20:06:04.552+05:00  INFO 129905 --- [main] lepdv.todolistweb.service.AdminService   : User id=2 was deleted
2024-06-06T20:06:04.563+05:00  INFO 129905 --- [main] lepdv.todolistweb.service.AdminService   : User id=2 was unlocked
2024-06-06T20:06:04.571+05:00  INFO 129905 --- [main] t.c.s.AnnotationConfigContextLoaderUtils : Could not detect default configuration classes for test class [lepdv.todolistweb.integration.service.AdminServiceIT]: AdminServiceIT does not declare any static, non-private, non-final, nested classes annotated with @Configuration.
2024-06-06T20:06:04.574+05:00  INFO 129905 --- [main] .b.t.c.SpringBootTestContextBootstrapper : Found @SpringBootConfiguration lepdv.todolistweb.TodolistWebApplication for test class lepdv.todolistweb.integration.service.AdminServiceIT
2024-06-06T20:06:04.600+05:00  INFO 129905 --- [main] lepdv.todolistweb.service.AdminService   : User id=2 was locked
2024-06-06T20:06:04.664+05:00  INFO 129905 --- [main] lepdv.todolistweb.service.AdminService   : User id=2 was deleted
2024-06-06T20:06:04.745+05:00  INFO 129905 --- [main] lepdv.todolistweb.service.AdminService   : User id=2 was locked
2024-06-06T20:06:04.746+05:00  INFO 129905 --- [main] lepdv.todolistweb.service.AdminService   : User id=2 was unlocked
2024-06-06T20:06:04.784+05:00  INFO 129905 --- [main] t.c.s.AnnotationConfigContextLoaderUtils : Could not detect default configuration classes for test class [lepdv.todolistweb.integration.controller.StartControllerIT]: StartControllerIT does not declare any static, non-private, non-final, nested classes annotated with @Configuration.
2024-06-06T20:06:04.788+05:00  INFO 129905 --- [main] .b.t.c.SpringBootTestContextBootstrapper : Found @SpringBootConfiguration lepdv.todolistweb.TodolistWebApplication for test class lepdv.todolistweb.integration.controller.StartControllerIT
2024-06-06T20:06:04.803+05:00  INFO 129905 --- [main] t.c.s.AnnotationConfigContextLoaderUtils : Could not detect default configuration classes for test class [lepdv.todolistweb.integration.service.UserServiceIT]: UserServiceIT does not declare any static, non-private, non-final, nested classes annotated with @Configuration.
2024-06-06T20:06:04.805+05:00  INFO 129905 --- [main] .b.t.c.SpringBootTestContextBootstrapper : Found @SpringBootConfiguration lepdv.todolistweb.TodolistWebApplication for test class lepdv.todolistweb.integration.service.UserServiceIT
2024-06-06T20:06:04.890+05:00  INFO 129905 --- [main] lepdv.todolistweb.service.UserService    : User id=2 password was edited
2024-06-06T20:06:04.974+05:00  INFO 129905 --- [main] lepdv.todolistweb.service.ImageService   : Image=lock.png was uploaded
2024-06-06T20:06:04.975+05:00  INFO 129905 --- [main] lepdv.todolistweb.service.UserService    : User id=2 was updated
2024-06-06T20:06:05.015+05:00  INFO 129905 --- [main] lepdv.todolistweb.service.UserService    : User id=2 was deleted
2024-06-06T20:06:05.028+05:00  INFO 129905 --- [main] lepdv.todolistweb.service.ImageService   : Image=lock.png was uploaded
2024-06-06T20:06:05.100+05:00  INFO 129905 --- [main] lepdv.todolistweb.service.UserService    : New user was registered id=4, username=Petr
2024-06-06T20:06:05.118+05:00  INFO 129905 --- [main] t.c.s.AnnotationConfigContextLoaderUtils : Could not detect default configuration classes for test class [lepdv.todolistweb.integration.controller.AdminControllerIT]: AdminControllerIT does not declare any static, non-private, non-final, nested classes annotated with @Configuration.
2024-06-06T20:06:05.121+05:00  INFO 129905 --- [main] .b.t.c.SpringBootTestContextBootstrapper : Found @SpringBootConfiguration lepdv.todolistweb.TodolistWebApplication for test class lepdv.todolistweb.integration.controller.AdminControllerIT
2024-06-06T20:06:05.168+05:00  INFO 129905 --- [main] lepdv.todolistweb.service.AdminService   : User id=2 was locked
2024-06-06T20:06:05.413+05:00  INFO 129905 --- [main] lepdv.todolistweb.service.AdminService   : User id=2 was deleted
2024-06-06T20:06:05.421+05:00  INFO 129905 --- [main] lepdv.todolistweb.service.AdminService   : User id=2 was unlocked
2024-06-06T20:06:05.424+05:00  INFO 129905 --- [main] t.c.s.AnnotationConfigContextLoaderUtils : Could not detect default configuration classes for test class [lepdv.todolistweb.integration.controller.TaskControllerIT]: TaskControllerIT does not declare any static, non-private, non-final, nested classes annotated with @Configuration.
2024-06-06T20:06:05.427+05:00  INFO 129905 --- [main] .b.t.c.SpringBootTestContextBootstrapper : Found @SpringBootConfiguration lepdv.todolistweb.TodolistWebApplication for test class lepdv.todolistweb.integration.controller.TaskControllerIT
2024-06-06T20:06:05.445+05:00  INFO 129905 --- [main] lepdv.todolistweb.service.TaskService    : Task id=1 was marked as completed
2024-06-06T20:06:05.471+05:00  INFO 129905 --- [main] lepdv.todolistweb.service.TaskService    : Task id=1 was updated
2024-06-06T20:06:05.508+05:00  INFO 129905 --- [main] lepdv.todolistweb.service.TaskService    : Task id=1 was deleted
2024-06-06T20:06:05.531+05:00  INFO 129905 --- [main] lepdv.todolistweb.service.TaskService    : New task was created id=7
2024-06-06T20:06:05.572+05:00  INFO 129905 --- [SpringApplicationShutdownHook] j.LocalContainerEntityManagerFactoryBean : Closing JPA EntityManagerFactory for persistence unit 'default'
2024-06-06T20:06:05.574+05:00  INFO 129905 --- [SpringApplicationShutdownHook] com.zaxxer.hikari.HikariDataSource       : HikariPool-1 - Shutdown initiated...
2024-06-06T20:06:05.575+05:00  INFO 129905 --- [SpringApplicationShutdownHook] com.zaxxer.hikari.HikariDataSource       : HikariPool-1 - Shutdown completed.
2024-06-06T20:06:05.578+05:00  INFO 129905 --- [SpringApplicationShutdownHook] j.LocalContainerEntityManagerFactoryBean : Closing JPA EntityManagerFactory for persistence unit 'default'
2024-06-06T20:06:05.579+05:00  INFO 129905 --- [SpringApplicationShutdownHook] com.zaxxer.hikari.HikariDataSource       : HikariPool-2 - Shutdown initiated...
2024-06-06T20:06:05.579+05:00  INFO 129905 --- [SpringApplicationShutdownHook] com.zaxxer.hikari.HikariDataSource       : HikariPool-2 - Shutdown completed.
